19:05:32.901 [main] INFO  org.amnay.pages.LoginPage - click on add to cart success
19:05:32.907 [main] INFO  org.amnay.TestLogin - add to cart button click success
19:05:32.907 [main] INFO  org.amnay.pages.LoginPage - checking bar notification success is displayed ...
19:05:33.177 [main] INFO  org.amnay.TestLogin - bar notification success is displayed
19:05:33.178 [main] INFO  org.amnay.pages.LoginPage - checking shopping cart link is displayed ...
19:05:33.230 [main] INFO  org.amnay.TestLogin - shopping cart link is displayed
19:05:33.295 [main] INFO  org.amnay.pages.LoginPage - click on close bar notification success
19:05:33.624 [main] INFO  org.amnay.pages.LoginPage - hover over cart success
19:05:34.996 [main] INFO  org.amnay.pages.LoginPage - click on go to cart button success
19:05:35.359 [main] INFO  org.amnay.pages.LoginPage - checking update cart button is displayed ...
19:05:36.114 [main] INFO  org.amnay.TestLogin - update quantity in cart success
19:05:36.426 [main] INFO  org.amnay.base.Base - browser close success
19:05:41.688 [main] INFO  org.amnay.base.Base - browser open success
19:05:42.019 [main] INFO  org.amnay.TestLogin - page title validation success
19:05:42.019 [main] INFO  org.amnay.pages.LoginPage - checking computers link is displayed ...
19:05:42.077 [main] INFO  org.amnay.TestLogin - computers link is displayed
19:05:42.213 [main] INFO  org.amnay.pages.LoginPage - hover over computers success
19:05:42.873 [main] INFO  org.amnay.pages.LoginPage - click on desktops success
19:05:42.957 [main] INFO  org.amnay.pages.LoginPage - click on add to cart success
19:05:42.957 [main] INFO  org.amnay.TestLogin - add to wishlist button click success
19:05:42.957 [main] INFO  org.amnay.pages.LoginPage - checking bar notification success is displayed ...
19:05:43.240 [main] INFO  org.amnay.TestLogin - bar notification success is displayed
19:05:43.240 [main] INFO  org.amnay.pages.LoginPage - checking wish list link is displayed ...
19:05:43.273 [main] INFO  org.amnay.TestLogin - wishlist link is displayed
19:05:43.365 [main] INFO  org.amnay.pages.LoginPage - click on close bar notification success
19:05:44.972 [main] INFO  org.amnay.pages.LoginPage - checking update wishlist button is displayed ...
19:05:45.575 [main] INFO  org.amnay.pages.LoginPage - checking product subtotal success : $2518.0 = $1259.0 * 2
19:05:45.575 [main] INFO  org.amnay.TestLogin - update quantity in wishlist success
19:05:45.895 [main] INFO  org.amnay.base.Base - browser close success
19:06:29.094 [main] INFO  org.amnay.base.Base - browser open success
19:06:31.574 [main] INFO  org.amnay.TestLogin - page title validation success
19:06:31.575 [main] INFO  org.amnay.pages.LoginPage - checking computers link is displayed ...
19:06:31.650 [main] INFO  org.amnay.TestLogin - computers link is displayed
19:06:31.842 [main] INFO  org.amnay.pages.LoginPage - hover over computers success
19:06:32.601 [main] INFO  org.amnay.pages.LoginPage - click on desktops success
19:06:32.686 [main] INFO  org.amnay.pages.LoginPage - click on add to cart success
19:06:32.686 [main] INFO  org.amnay.TestLogin - add to cart button click success
19:06:32.686 [main] INFO  org.amnay.pages.LoginPage - checking bar notification success is displayed ...
19:06:32.969 [main] INFO  org.amnay.TestLogin - bar notification success is displayed
19:06:33.890 [main] INFO  org.amnay.base.Base - browser close success
19:06:38.461 [main] INFO  org.amnay.base.Base - browser open success
19:06:39.193 [main] INFO  org.amnay.TestLogin - page title validation success
19:06:39.193 [main] INFO  org.amnay.pages.LoginPage - checking computers link is displayed ...
19:06:39.246 [main] INFO  org.amnay.TestLogin - computers link is displayed
19:06:39.381 [main] INFO  org.amnay.pages.LoginPage - hover over computers success
19:06:39.990 [main] INFO  org.amnay.pages.LoginPage - click on desktops success
19:06:40.101 [main] INFO  org.amnay.pages.LoginPage - click on add to cart success
19:06:40.101 [main] INFO  org.amnay.TestLogin - add to wish list button click success
19:06:40.101 [main] INFO  org.amnay.pages.LoginPage - checking bar notification success is displayed ...
19:06:40.393 [main] INFO  org.amnay.TestLogin - bar notification success is displayed
19:06:40.393 [main] INFO  org.amnay.pages.LoginPage - checking wish list link is displayed ...
19:06:40.434 [main] INFO  org.amnay.TestLogin - wishlist cart link is displayed
19:06:40.502 [main] INFO  org.amnay.pages.LoginPage - click on close bar notification success
19:06:41.947 [main] INFO  org.amnay.TestLogin - items quantity to add to the cart is : 1 item(s)
19:06:41.948 [main] INFO  org.amnay.pages.LoginPage - checking add to cart checkbox is displayed ...
19:06:42.047 [main] INFO  org.amnay.pages.LoginPage - checking add to cart button is displayed ...
19:06:43.437 [main] INFO  org.amnay.TestLogin - items quantity in cart is : 1 item(s)
19:06:43.740 [main] INFO  org.amnay.base.Base - browser close success
19:06:48.678 [main] INFO  org.amnay.base.Base - browser open success
19:06:49.199 [main] INFO  org.amnay.TestLogin - page title validation success
19:06:49.199 [main] INFO  org.amnay.pages.LoginPage - checking computers link is displayed ...
19:06:49.252 [main] INFO  org.amnay.TestLogin - computers link is displayed
19:06:49.386 [main] INFO  org.amnay.pages.LoginPage - hover over computers success
19:06:49.991 [main] INFO  org.amnay.pages.LoginPage - click on notebooks success
19:06:50.120 [main] INFO  org.amnay.pages.LoginPage - click to add MacBook to compare list success
19:06:50.120 [main] INFO  org.amnay.TestLogin - add to compare list button click success
19:06:50.396 [main] INFO  org.amnay.pages.LoginPage - checking bar notification success is displayed ...
19:06:50.422 [main] INFO  org.amnay.TestLogin - bar notification success is displayed
19:06:50.500 [main] INFO  org.amnay.pages.LoginPage - click to add Asus to compare list success
19:06:50.500 [main] INFO  org.amnay.TestLogin - add to compare list button click success
19:06:51.599 [main] INFO  org.amnay.pages.LoginPage - checking bar notification success is displayed ...
19:06:51.629 [main] INFO  org.amnay.TestLogin - bar notification success is displayed
19:06:51.700 [main] INFO  org.amnay.pages.LoginPage - click to add HP to compare list success
19:06:51.700 [main] INFO  org.amnay.TestLogin - add to compare list button click success
19:06:51.725 [main] INFO  org.amnay.pages.LoginPage - checking bar notification success is displayed ...
19:06:51.757 [main] INFO  org.amnay.TestLogin - bar notification success is displayed
19:06:52.018 [main] INFO  org.amnay.base.Base - browser close success
19:06:56.441 [main] INFO  org.amnay.base.Base - browser open success
19:06:56.863 [main] INFO  org.amnay.TestLogin - page title validation success
19:06:56.863 [main] INFO  org.amnay.pages.LoginPage - checking computers link is displayed ...
19:06:56.946 [main] INFO  org.amnay.TestLogin - computers link is displayed
19:06:57.081 [main] INFO  org.amnay.pages.LoginPage - hover over computers success
19:06:57.617 [main] INFO  org.amnay.pages.LoginPage - click on desktops success
19:06:57.706 [main] INFO  org.amnay.pages.LoginPage - click on add to cart success
19:06:57.706 [main] INFO  org.amnay.TestLogin - add to wish list button click success
19:06:57.706 [main] INFO  org.amnay.pages.LoginPage - checking bar notification success is displayed ...
19:06:57.955 [main] INFO  org.amnay.TestLogin - bar notification success is displayed
19:06:58.243 [main] INFO  org.amnay.base.Base - browser close success
19:07:03.019 [main] INFO  org.amnay.base.Base - browser open success
19:07:03.687 [main] INFO  org.amnay.TestLogin - page title validation success
19:07:03.687 [main] INFO  org.amnay.pages.LoginPage - checking computers link is displayed ...
19:07:03.751 [main] INFO  org.amnay.TestLogin - computers link is displayed
19:07:03.881 [main] INFO  org.amnay.pages.LoginPage - hover over computers success
19:07:04.991 [main] INFO  org.amnay.pages.LoginPage - click on desktops success
19:07:04.992 [main] INFO  org.amnay.pages.LoginPage - checking build your own computer link is displayed ...
19:07:05.043 [main] INFO  org.amnay.TestLogin - build your own computer link is displayed
19:07:06.612 [main] INFO  org.amnay.pages.LoginPage - click on build your own computer success
19:07:06.910 [main] INFO  org.amnay.pages.LoginPage - checking add to cart button is displayed ...
19:07:07.008 [main] INFO  org.amnay.TestLogin - add to cart button click success
19:07:07.009 [main] INFO  org.amnay.pages.LoginPage - checking bar notification success is displayed ...
19:07:07.285 [main] INFO  org.amnay.TestLogin - bar notification success is displayed
19:07:07.620 [main] INFO  org.amnay.base.Base - browser close success
19:07:11.756 [main] INFO  org.amnay.base.Base - browser open success
19:07:12.100 [main] INFO  org.amnay.TestLogin - page title validation success
19:07:12.100 [main] INFO  org.amnay.pages.LoginPage - checking computers link is displayed ...
19:07:12.148 [main] INFO  org.amnay.TestLogin - computers link is displayed
19:07:12.277 [main] INFO  org.amnay.pages.LoginPage - hover over computers success
19:07:13.335 [main] INFO  org.amnay.pages.LoginPage - click on desktops success
19:07:13.336 [main] INFO  org.amnay.pages.LoginPage - checking build your own computer link is displayed ...
19:07:13.378 [main] INFO  org.amnay.TestLogin - build your own computer link is displayed
19:07:14.516 [main] INFO  org.amnay.pages.LoginPage - click on build your own computer success
19:07:14.634 [main] INFO  org.amnay.pages.LoginPage - checking add to cart button is displayed ...
19:07:14.721 [main] INFO  org.amnay.TestLogin - add to cart button click success
19:07:14.721 [main] INFO  org.amnay.pages.LoginPage - checking bar notification error is displayed ...
19:07:14.964 [main] INFO  org.amnay.TestLogin - bar notification error RAM is displayed
19:07:15.289 [main] INFO  org.amnay.base.Base - browser close success
19:07:20.092 [main] INFO  org.amnay.base.Base - browser open success
19:07:20.465 [main] INFO  org.amnay.TestLogin - page title validation success
19:07:20.465 [main] INFO  org.amnay.pages.LoginPage - checking computers link is displayed ...
