23:25:42.119 [main] INFO  org.amnay.pages.LoginPage - click on add to cart success
23:25:42.133 [main] INFO  org.amnay.TestLogin - add to wish list button click success
23:25:42.133 [main] INFO  org.amnay.pages.LoginPage - checking bar notification success is displayed ...
23:25:42.579 [main] INFO  org.amnay.TestLogin - bar notification success is displayed
23:25:42.579 [main] INFO  org.amnay.pages.LoginPage - checking wish list link is displayed ...
23:25:42.653 [main] INFO  org.amnay.TestLogin - wishlist cart link is displayed
23:25:42.762 [main] INFO  org.amnay.pages.LoginPage - click on close bar notification success
23:25:44.522 [main] INFO  org.amnay.TestLogin - items quantity to add to the cart is : 1 item(s)
23:25:44.523 [main] INFO  org.amnay.pages.LoginPage - checking add to cart checkbox is displayed ...
23:25:44.623 [main] INFO  org.amnay.pages.LoginPage - checking add to cart button is displayed ...
23:25:45.730 [main] INFO  org.amnay.TestLogin - items quantity in cart is : 1 item(s)
23:25:46.098 [main] INFO  org.amnay.base.Base - browser close success
23:43:08.864 [main] INFO  org.amnay.base.Base - browser open success
23:43:13.617 [main] INFO  org.amnay.TestLogin - page title validation success
23:43:13.620 [main] INFO  org.amnay.pages.LoginPage - checking computers link is displayed ...
23:43:13.880 [main] INFO  org.amnay.TestLogin - computers link is displayed
23:43:14.083 [main] INFO  org.amnay.pages.LoginPage - hover over computers success
23:43:15.709 [main] INFO  org.amnay.pages.LoginPage - click on desktops success
23:43:15.837 [main] INFO  org.amnay.pages.LoginPage - click on add to cart success
23:43:15.838 [main] INFO  org.amnay.TestLogin - add to cart button click success
23:43:15.838 [main] INFO  org.amnay.pages.LoginPage - checking bar notification success is displayed ...
23:43:16.325 [main] INFO  org.amnay.TestLogin - bar notification success is displayed
23:43:17.390 [main] INFO  org.amnay.base.Base - browser close success
23:43:22.849 [main] INFO  org.amnay.base.Base - browser open success
23:43:23.758 [main] INFO  org.amnay.TestLogin - page title validation success
23:43:23.759 [main] INFO  org.amnay.pages.LoginPage - checking computers link is displayed ...
23:43:23.829 [main] INFO  org.amnay.TestLogin - computers link is displayed
23:43:24.096 [main] INFO  org.amnay.pages.LoginPage - hover over computers success
23:43:25.664 [main] INFO  org.amnay.pages.LoginPage - click on desktops success
00:44:16.395 [main] INFO  org.amnay.base.Base - browser open success
00:44:19.971 [main] INFO  org.amnay.TestInitialPage - page title validation success
00:44:19.971 [main] INFO  org.amnay.pages.LoginPage - checking login link is displayed ...
00:44:20.123 [main] INFO  org.amnay.TestInitialPage - login link field is displayed
00:44:20.123 [main] INFO  org.amnay.pages.LoginPage - checking Register link is displayed ...
00:44:20.171 [main] INFO  org.amnay.TestInitialPage - register link is displayed
00:44:20.171 [main] INFO  org.amnay.pages.LoginPage - checking wish list link is displayed ...
00:44:20.212 [main] INFO  org.amnay.TestInitialPage - wishlist link is displayed
00:44:21.560 [main] INFO  org.amnay.base.Base - browser close success
00:44:27.515 [main] INFO  org.amnay.base.Base - browser open success
00:44:28.514 [main] INFO  org.amnay.TestInitialPage - page title validation success
00:44:28.825 [main] INFO  org.amnay.base.Base - browser close success
00:51:29.334 [main] INFO  org.amnay.base.Base - browser open success
00:51:36.908 [main] INFO  org.amnay.TestInitialPage - page title validation success
00:51:36.912 [main] INFO  org.amnay.pages.LoginPage - checking login link is displayed ...
00:51:37.080 [main] INFO  org.amnay.TestInitialPage - login link field is displayed
00:51:37.081 [main] INFO  org.amnay.pages.LoginPage - checking Register link is displayed ...
00:51:37.160 [main] INFO  org.amnay.TestInitialPage - register link is displayed
00:51:37.161 [main] INFO  org.amnay.pages.LoginPage - checking wish list link is displayed ...
00:51:37.236 [main] INFO  org.amnay.TestInitialPage - wishlist link is displayed
00:51:39.767 [main] INFO  org.amnay.base.Base - browser close success
00:51:45.955 [main] INFO  org.amnay.base.Base - browser open success
00:51:47.130 [main] INFO  org.amnay.TestInitialPage - page title validation success
00:51:47.486 [main] INFO  org.amnay.base.Base - browser close success
00:51:53.227 [main] INFO  org.amnay.base.Base - browser open success
00:51:54.849 [main] INFO  org.amnay.TestLogin - page title validation success
00:51:56.144 [main] INFO  org.amnay.pages.LoginPage - click on register link success
00:51:56.145 [main] INFO  org.amnay.TestLogin - register link click success
00:51:56.277 [main] INFO  org.amnay.TestLogin - click on gender male success
00:51:56.554 [main] INFO  org.amnay.TestLogin - enter first name success
00:51:56.736 [main] INFO  org.amnay.TestLogin - enter last name success
00:51:57.017 [main] INFO  org.amnay.TestLogin - select birth day success
00:51:57.221 [main] INFO  org.amnay.TestLogin - select birth month success
00:51:57.426 [main] INFO  org.amnay.TestLogin - select birth year success
00:51:57.585 [main] INFO  org.amnay.TestLogin - enter email success
00:51:57.750 [main] INFO  org.amnay.TestLogin - enter password success
00:51:57.885 [main] INFO  org.amnay.TestLogin - enter confirm password success
00:51:57.973 [main] INFO  org.amnay.TestLogin - register button click success
00:51:57.974 [main] INFO  org.amnay.pages.HomePage - checking confirm password error is displayed ...
00:51:58.038 [main] INFO  org.amnay.TestLogin - confirm password is required is displayed
00:51:58.075 [main] INFO  org.amnay.TestLogin - The password and confirmation password do not match.
00:51:58.404 [main] INFO  org.amnay.base.Base - browser close success
00:52:03.147 [main] INFO  org.amnay.base.Base - browser open success
00:52:03.955 [main] INFO  org.amnay.TestLogin - page title validation success
00:52:04.514 [main] INFO  org.amnay.pages.LoginPage - click on register link success
00:52:04.514 [main] INFO  org.amnay.TestLogin - register link click success
00:52:04.614 [main] INFO  org.amnay.TestLogin - click on gender male success
00:52:04.840 [main] INFO  org.amnay.TestLogin - enter first name success
00:52:04.992 [main] INFO  org.amnay.TestLogin - enter last name success
00:52:05.194 [main] INFO  org.amnay.TestLogin - select birth day success
00:52:05.428 [main] INFO  org.amnay.TestLogin - select birth month success
00:52:05.624 [main] INFO  org.amnay.TestLogin - select birth year success
00:52:05.763 [main] INFO  org.amnay.TestLogin - enter email success
00:52:05.954 [main] INFO  org.amnay.TestLogin - enter password success
00:52:06.113 [main] INFO  org.amnay.TestLogin - enter confirm password success
00:52:06.278 [main] INFO  org.amnay.TestLogin - register button click success
00:52:06.279 [main] INFO  org.amnay.pages.HomePage - checking email error is displayed ...
00:52:06.362 [main] INFO  org.amnay.TestLogin - email error is displayed
00:52:06.403 [main] INFO  org.amnay.TestLogin - Wrong email
00:52:06.767 [main] INFO  org.amnay.base.Base - browser close success
01:25:44.556 [main] INFO  org.amnay.base.Base - browser open success
01:25:48.063 [main] INFO  org.amnay.TestInitialPage - page title validation success
01:25:48.063 [main] INFO  org.amnay.pages.LoginPage - checking login link is displayed ...
01:25:48.162 [main] INFO  org.amnay.TestInitialPage - login link field is displayed
01:25:48.163 [main] INFO  org.amnay.pages.LoginPage - checking Register link is displayed ...
01:25:48.205 [main] INFO  org.amnay.TestInitialPage - register link is displayed
01:25:48.206 [main] INFO  org.amnay.pages.LoginPage - checking wish list link is displayed ...
01:25:48.243 [main] INFO  org.amnay.TestInitialPage - wishlist link is displayed
01:25:49.279 [main] INFO  org.amnay.base.Base - browser close success
01:25:54.927 [main] INFO  org.amnay.base.Base - browser open success
01:25:55.614 [main] INFO  org.amnay.TestInitialPage - page title validation success
01:25:55.876 [main] INFO  org.amnay.base.Base - browser close success
01:26:00.995 [main] INFO  org.amnay.base.Base - browser open success
01:26:02.749 [main] INFO  org.amnay.TestLogin - page title validation success
01:26:03.829 [main] INFO  org.amnay.pages.LoginPage - click on register link success
01:26:03.830 [main] INFO  org.amnay.TestLogin - register link click success
01:26:03.929 [main] INFO  org.amnay.TestLogin - click on gender male success
01:26:04.116 [main] INFO  org.amnay.TestLogin - enter first name success
01:26:04.236 [main] INFO  org.amnay.TestLogin - enter last name success
01:26:04.444 [main] INFO  org.amnay.TestLogin - select birth day success
01:26:04.605 [main] INFO  org.amnay.TestLogin - select birth month success
01:26:04.777 [main] INFO  org.amnay.TestLogin - select birth year success
01:26:04.907 [main] INFO  org.amnay.TestLogin - enter email success
01:26:05.092 [main] INFO  org.amnay.TestLogin - enter password success
01:26:05.228 [main] INFO  org.amnay.TestLogin - enter confirm password success
01:26:05.304 [main] INFO  org.amnay.TestLogin - register button click success
01:26:05.305 [main] INFO  org.amnay.pages.HomePage - checking confirm password error is displayed ...
01:26:05.362 [main] INFO  org.amnay.TestLogin - confirm password is required is displayed
01:26:05.398 [main] INFO  org.amnay.TestLogin - The password and confirmation password do not match.
01:26:05.689 [main] INFO  org.amnay.base.Base - browser close success
01:26:10.706 [main] INFO  org.amnay.base.Base - browser open success
01:26:11.601 [main] INFO  org.amnay.TestLogin - page title validation success
01:26:12.748 [main] INFO  org.amnay.pages.LoginPage - click on register link success
01:26:12.748 [main] INFO  org.amnay.TestLogin - register link click success
01:26:12.826 [main] INFO  org.amnay.TestLogin - click on gender male success
01:26:13.008 [main] INFO  org.amnay.TestLogin - enter first name success
01:26:13.126 [main] INFO  org.amnay.TestLogin - enter last name success
01:26:13.335 [main] INFO  org.amnay.TestLogin - select birth day success
01:26:13.490 [main] INFO  org.amnay.TestLogin - select birth month success
01:26:13.651 [main] INFO  org.amnay.TestLogin - select birth year success
