18:53:39.061 [main] INFO  org.amnay.TestLogin - product comparison link click success
18:53:39.613 [main] INFO  org.amnay.TestLogin - remove button click success
18:53:40.135 [main] INFO  org.amnay.TestLogin - remove button click success
18:53:40.135 [main] INFO  org.amnay.pages.LoginPage - checking compare list empty is displayed ...
18:53:40.188 [main] INFO  org.amnay.TestLogin - compare list empty is displayed
18:53:40.451 [main] INFO  org.amnay.base.Base - browser close success
18:53:45.754 [main] INFO  org.amnay.base.Base - browser open success
18:53:46.034 [main] INFO  org.amnay.TestLogin - page title validation success
18:53:46.034 [main] INFO  org.amnay.pages.LoginPage - checking computers link is displayed ...
18:53:46.072 [main] INFO  org.amnay.TestLogin - computers link is displayed
18:53:46.206 [main] INFO  org.amnay.pages.LoginPage - hover over computers success
18:53:47.175 [main] INFO  org.amnay.pages.LoginPage - click on desktops success
18:53:47.270 [main] INFO  org.amnay.pages.LoginPage - click on add to cart success
18:53:47.270 [main] INFO  org.amnay.TestLogin - add to wishlist button click success
18:53:47.271 [main] INFO  org.amnay.pages.LoginPage - checking bar notification success is displayed ...
18:53:47.505 [main] INFO  org.amnay.TestLogin - bar notification success is displayed
18:53:47.505 [main] INFO  org.amnay.pages.LoginPage - checking wish list link is displayed ...
18:53:47.543 [main] INFO  org.amnay.TestLogin - wishlist cart link is displayed
18:53:47.606 [main] INFO  org.amnay.pages.LoginPage - click on close bar notification success
18:53:49.094 [main] INFO  org.amnay.pages.LoginPage - checking remove button is displayed ...
18:53:49.466 [main] INFO  org.amnay.pages.LoginPage - checking wishlist empty is displayed ...
18:53:49.514 [main] INFO  org.amnay.TestLogin - update quantity in cart success
18:53:49.802 [main] INFO  org.amnay.base.Base - browser close success
18:53:54.496 [main] INFO  org.amnay.base.Base - browser open success
18:53:54.828 [main] INFO  org.amnay.TestLogin - page title validation success
18:53:54.828 [main] INFO  org.amnay.pages.LoginPage - checking computers link is displayed ...
18:53:54.874 [main] INFO  org.amnay.TestLogin - computers link is displayed
18:53:55.086 [main] INFO  org.amnay.pages.LoginPage - hover over apparel success
18:53:56.616 [main] INFO  org.amnay.pages.LoginPage - click on shoes success
18:53:57.867 [main] INFO  org.amnay.TestLogin - list of prices: [27.56, 30.00, 40.00]
18:53:57.903 [main] INFO  org.amnay.TestLogin - items sorted success
18:53:58.206 [main] INFO  org.amnay.base.Base - browser close success
18:54:02.898 [main] INFO  org.amnay.base.Base - browser open success
18:54:03.376 [main] INFO  org.amnay.TestLogin - page title validation success
18:54:03.376 [main] INFO  org.amnay.pages.LoginPage - checking computers link is displayed ...
18:54:03.418 [main] INFO  org.amnay.TestLogin - computers link is displayed
18:54:03.562 [main] INFO  org.amnay.pages.LoginPage - hover over computers success
18:54:04.180 [main] INFO  org.amnay.pages.LoginPage - click on desktops success
18:54:04.267 [main] INFO  org.amnay.pages.LoginPage - click on add to cart success
18:54:04.267 [main] INFO  org.amnay.TestLogin - add to cart button click success
18:54:04.267 [main] INFO  org.amnay.pages.LoginPage - checking bar notification success is displayed ...
18:54:04.589 [main] INFO  org.amnay.TestLogin - bar notification success is displayed
18:54:04.590 [main] INFO  org.amnay.pages.LoginPage - checking shopping cart link is displayed ...
18:54:04.636 [main] INFO  org.amnay.TestLogin - shopping cart link is displayed
18:54:04.725 [main] INFO  org.amnay.pages.LoginPage - click on close bar notification success
18:54:04.901 [main] INFO  org.amnay.pages.LoginPage - hover over cart success
18:54:06.326 [main] INFO  org.amnay.pages.LoginPage - click on go to cart button success
18:54:06.673 [main] INFO  org.amnay.pages.LoginPage - checking update cart button is displayed ...
18:54:07.521 [main] INFO  org.amnay.TestLogin - update quantity in cart success
18:54:07.826 [main] INFO  org.amnay.base.Base - browser close success
18:54:12.092 [main] INFO  org.amnay.base.Base - browser open success
18:54:12.517 [main] INFO  org.amnay.TestLogin - page title validation success
18:54:12.517 [main] INFO  org.amnay.pages.LoginPage - checking computers link is displayed ...
18:54:12.571 [main] INFO  org.amnay.TestLogin - computers link is displayed
18:54:12.706 [main] INFO  org.amnay.pages.LoginPage - hover over computers success
18:54:13.259 [main] INFO  org.amnay.pages.LoginPage - click on desktops success
18:54:13.357 [main] INFO  org.amnay.pages.LoginPage - click on add to cart success
18:54:13.357 [main] INFO  org.amnay.TestLogin - add to wishlist button click success
18:54:13.358 [main] INFO  org.amnay.pages.LoginPage - checking bar notification success is displayed ...
18:54:13.590 [main] INFO  org.amnay.TestLogin - bar notification success is displayed
18:54:13.590 [main] INFO  org.amnay.pages.LoginPage - checking wish list link is displayed ...
18:54:13.627 [main] INFO  org.amnay.TestLogin - wishlist link is displayed
18:54:13.693 [main] INFO  org.amnay.pages.LoginPage - click on close bar notification success
18:54:15.366 [main] INFO  org.amnay.pages.LoginPage - checking update wishlist button is displayed ...
18:54:16.035 [main] INFO  org.amnay.pages.LoginPage - checking product subtotal success : $2518.0 = $1259.0 * 2
18:54:16.035 [main] INFO  org.amnay.TestLogin - update quantity in wishlist success
18:54:16.358 [main] INFO  org.amnay.base.Base - browser close success
19:03:48.000 [main] INFO  org.amnay.base.Base - browser open success
19:03:50.731 [main] INFO  org.amnay.TestLogin - page title validation success
19:03:50.731 [main] INFO  org.amnay.pages.LoginPage - checking computers link is displayed ...
19:03:50.893 [main] INFO  org.amnay.TestLogin - computers link is displayed
19:03:51.213 [main] INFO  org.amnay.pages.LoginPage - hover over computers success
19:03:52.676 [main] INFO  org.amnay.pages.LoginPage - click on desktops success
19:03:52.804 [main] INFO  org.amnay.pages.LoginPage - click on add to cart success
19:03:52.804 [main] INFO  org.amnay.TestLogin - add to cart button click success
19:03:52.804 [main] INFO  org.amnay.pages.LoginPage - checking bar notification success is displayed ...
19:03:53.093 [main] INFO  org.amnay.TestLogin - bar notification success is displayed
19:03:54.139 [main] INFO  org.amnay.base.Base - browser close success
19:03:59.946 [main] INFO  org.amnay.base.Base - browser open success
19:04:00.822 [main] INFO  org.amnay.TestLogin - page title validation success
19:04:00.824 [main] INFO  org.amnay.pages.LoginPage - checking computers link is displayed ...
19:04:00.878 [main] INFO  org.amnay.TestLogin - computers link is displayed
19:04:01.013 [main] INFO  org.amnay.pages.LoginPage - hover over computers success
19:04:02.121 [main] INFO  org.amnay.pages.LoginPage - click on desktops success
19:04:02.206 [main] INFO  org.amnay.pages.LoginPage - click on add to cart success
19:04:02.206 [main] INFO  org.amnay.TestLogin - add to wish list button click success
19:04:02.206 [main] INFO  org.amnay.pages.LoginPage - checking bar notification success is displayed ...
19:04:02.456 [main] INFO  org.amnay.TestLogin - bar notification success is displayed
19:04:02.456 [main] INFO  org.amnay.pages.LoginPage - checking wish list link is displayed ...
19:04:02.501 [main] INFO  org.amnay.TestLogin - wishlist cart link is displayed
19:04:02.633 [main] INFO  org.amnay.pages.LoginPage - click on close bar notification success
19:04:04.049 [main] INFO  org.amnay.TestLogin - items quantity to add to the cart is : 1 item(s)
19:04:04.050 [main] INFO  org.amnay.pages.LoginPage - checking add to cart checkbox is displayed ...
19:04:04.154 [main] INFO  org.amnay.pages.LoginPage - checking add to cart button is displayed ...
19:04:05.068 [main] INFO  org.amnay.TestLogin - items quantity in cart is : 1 item(s)
19:04:05.370 [main] INFO  org.amnay.base.Base - browser close success
19:04:10.004 [main] INFO  org.amnay.base.Base - browser open success
19:04:10.696 [main] INFO  org.amnay.TestLogin - page title validation success
19:04:10.698 [main] INFO  org.amnay.pages.LoginPage - checking computers link is displayed ...
19:04:10.748 [main] INFO  org.amnay.TestLogin - computers link is displayed
19:04:10.885 [main] INFO  org.amnay.pages.LoginPage - hover over computers success
19:04:11.974 [main] INFO  org.amnay.pages.LoginPage - click on notebooks success
19:04:12.075 [main] INFO  org.amnay.pages.LoginPage - click to add MacBook to compare list success
19:04:12.075 [main] INFO  org.amnay.TestLogin - add to compare list button click success
19:04:12.324 [main] INFO  org.amnay.pages.LoginPage - checking bar notification success is displayed ...
19:04:12.356 [main] INFO  org.amnay.TestLogin - bar notification success is displayed
19:04:12.438 [main] INFO  org.amnay.pages.LoginPage - click to add Asus to compare list success
19:04:12.438 [main] INFO  org.amnay.TestLogin - add to compare list button click success
19:04:12.571 [main] INFO  org.amnay.pages.LoginPage - checking bar notification success is displayed ...
19:04:13.113 [main] INFO  org.amnay.base.Base - browser close success
19:04:18.491 [main] INFO  org.amnay.base.Base - browser open success
19:04:19.119 [main] INFO  org.amnay.TestLogin - page title validation success
19:04:19.119 [main] INFO  org.amnay.pages.LoginPage - checking computers link is displayed ...
19:04:19.168 [main] INFO  org.amnay.TestLogin - computers link is displayed
19:04:19.297 [main] INFO  org.amnay.pages.LoginPage - hover over computers success
19:04:20.108 [main] INFO  org.amnay.pages.LoginPage - click on desktops success
19:04:20.230 [main] INFO  org.amnay.pages.LoginPage - click on add to cart success
19:04:20.230 [main] INFO  org.amnay.TestLogin - add to wish list button click success
19:04:20.230 [main] INFO  org.amnay.pages.LoginPage - checking bar notification success is displayed ...
19:04:20.491 [main] INFO  org.amnay.TestLogin - bar notification success is displayed
19:04:20.818 [main] INFO  org.amnay.base.Base - browser close success
19:04:26.914 [main] INFO  org.amnay.base.Base - browser open success
