17:59:10.738 [main] INFO  org.amnay.pages.LoginPage - checking update cart button is displayed ...
17:59:12.159 [main] INFO  org.amnay.TestLogin - update quantity in cart success
17:59:12.456 [main] INFO  org.amnay.base.Base - browser close success
17:59:18.161 [main] INFO  org.amnay.base.Base - browser open success
17:59:18.870 [main] INFO  org.amnay.TestLogin - page title validation success
17:59:18.870 [main] INFO  org.amnay.pages.LoginPage - checking computers link is displayed ...
17:59:18.943 [main] INFO  org.amnay.TestLogin - computers link is displayed
17:59:19.109 [main] INFO  org.amnay.pages.LoginPage - hover over computers success
17:59:19.905 [main] INFO  org.amnay.pages.LoginPage - click on desktops success
17:59:20.019 [main] INFO  org.amnay.pages.LoginPage - click on add to cart success
17:59:20.020 [main] INFO  org.amnay.TestLogin - add to wishlist button click success
17:59:20.020 [main] INFO  org.amnay.pages.LoginPage - checking bar notification success is displayed ...
17:59:20.719 [main] INFO  org.amnay.TestLogin - bar notification success is displayed
17:59:20.719 [main] INFO  org.amnay.pages.LoginPage - checking wish list link is displayed ...
17:59:20.762 [main] INFO  org.amnay.TestLogin - wishlist link is displayed
17:59:20.837 [main] INFO  org.amnay.pages.LoginPage - click on close bar notification success
17:59:22.198 [main] INFO  org.amnay.base.Base - browser close success
18:00:02.324 [main] INFO  org.amnay.base.Base - browser open success
18:00:04.766 [main] INFO  org.amnay.TestLogin - page title validation success
18:00:04.766 [main] INFO  org.amnay.pages.LoginPage - checking computers link is displayed ...
18:00:04.837 [main] INFO  org.amnay.TestLogin - computers link is displayed
18:00:05.025 [main] INFO  org.amnay.pages.LoginPage - hover over computers success
18:00:06.150 [main] INFO  org.amnay.pages.LoginPage - click on desktops success
18:00:06.243 [main] INFO  org.amnay.pages.LoginPage - click on add to cart success
18:00:06.243 [main] INFO  org.amnay.TestLogin - add to cart button click success
18:00:06.243 [main] INFO  org.amnay.pages.LoginPage - checking bar notification success is displayed ...
18:00:07.016 [main] INFO  org.amnay.TestLogin - bar notification success is displayed
18:00:07.880 [main] INFO  org.amnay.base.Base - browser close success
18:00:12.477 [main] INFO  org.amnay.base.Base - browser open success
18:00:13.223 [main] INFO  org.amnay.TestLogin - page title validation success
18:00:13.223 [main] INFO  org.amnay.pages.LoginPage - checking computers link is displayed ...
18:00:13.281 [main] INFO  org.amnay.TestLogin - computers link is displayed
18:00:13.432 [main] INFO  org.amnay.pages.LoginPage - hover over computers success
18:00:13.978 [main] INFO  org.amnay.pages.LoginPage - click on desktops success
18:00:14.113 [main] INFO  org.amnay.pages.LoginPage - click on add to cart success
18:00:14.113 [main] INFO  org.amnay.TestLogin - add to wish list button click success
18:00:14.113 [main] INFO  org.amnay.pages.LoginPage - checking bar notification success is displayed ...
18:00:14.384 [main] INFO  org.amnay.TestLogin - bar notification success is displayed
18:00:14.385 [main] INFO  org.amnay.pages.LoginPage - checking wish list link is displayed ...
18:00:14.431 [main] INFO  org.amnay.TestLogin - wishlist cart link is displayed
18:00:14.500 [main] INFO  org.amnay.pages.LoginPage - click on close bar notification success
18:00:15.956 [main] INFO  org.amnay.TestLogin - items quantity to add to the cart is : 1 item(s)
18:00:15.957 [main] INFO  org.amnay.pages.LoginPage - checking add to cart checkbox is displayed ...
18:00:16.063 [main] INFO  org.amnay.pages.LoginPage - checking add to cart button is displayed ...
18:00:17.041 [main] INFO  org.amnay.TestLogin - items quantity in cart is : 1 item(s)
18:00:17.378 [main] INFO  org.amnay.base.Base - browser close success
18:00:22.470 [main] INFO  org.amnay.base.Base - browser open success
18:00:23.015 [main] INFO  org.amnay.TestLogin - page title validation success
18:00:23.016 [main] INFO  org.amnay.pages.LoginPage - checking computers link is displayed ...
18:00:23.081 [main] INFO  org.amnay.TestLogin - computers link is displayed
18:00:23.229 [main] INFO  org.amnay.pages.LoginPage - hover over computers success
18:00:24.506 [main] INFO  org.amnay.pages.LoginPage - click on notebooks success
18:00:24.623 [main] INFO  org.amnay.pages.LoginPage - click to add MacBook to compare list success
18:00:24.623 [main] INFO  org.amnay.TestLogin - add to compare list button click success
18:00:25.625 [main] INFO  org.amnay.pages.LoginPage - checking bar notification success is displayed ...
18:00:25.666 [main] INFO  org.amnay.TestLogin - bar notification success is displayed
18:00:25.730 [main] INFO  org.amnay.pages.LoginPage - click to add Asus to compare list success
18:00:25.731 [main] INFO  org.amnay.TestLogin - add to compare list button click success
18:00:26.736 [main] INFO  org.amnay.pages.LoginPage - checking bar notification success is displayed ...
18:00:26.767 [main] INFO  org.amnay.TestLogin - bar notification success is displayed
18:00:26.829 [main] INFO  org.amnay.pages.LoginPage - click to add HP to compare list success
18:00:26.829 [main] INFO  org.amnay.TestLogin - add to compare list button click success
18:00:27.831 [main] INFO  org.amnay.pages.LoginPage - checking bar notification success is displayed ...
18:00:27.864 [main] INFO  org.amnay.TestLogin - bar notification success is displayed
18:00:28.157 [main] INFO  org.amnay.base.Base - browser close success
18:00:32.747 [main] INFO  org.amnay.base.Base - browser open success
18:00:33.376 [main] INFO  org.amnay.TestLogin - page title validation success
18:00:33.377 [main] INFO  org.amnay.pages.LoginPage - checking computers link is displayed ...
18:00:33.448 [main] INFO  org.amnay.TestLogin - computers link is displayed
18:00:33.626 [main] INFO  org.amnay.pages.LoginPage - hover over computers success
18:00:34.905 [main] INFO  org.amnay.pages.LoginPage - click on desktops success
18:00:35.009 [main] INFO  org.amnay.pages.LoginPage - click on add to cart success
18:00:35.009 [main] INFO  org.amnay.TestLogin - add to wish list button click success
18:00:35.009 [main] INFO  org.amnay.pages.LoginPage - checking bar notification success is displayed ...
18:00:35.394 [main] INFO  org.amnay.TestLogin - bar notification success is displayed
18:00:35.714 [main] INFO  org.amnay.base.Base - browser close success
18:00:40.587 [main] INFO  org.amnay.base.Base - browser open success
18:00:41.184 [main] INFO  org.amnay.TestLogin - page title validation success
18:00:41.185 [main] INFO  org.amnay.pages.LoginPage - checking computers link is displayed ...
18:00:41.241 [main] INFO  org.amnay.TestLogin - computers link is displayed
18:00:41.436 [main] INFO  org.amnay.pages.LoginPage - hover over computers success
18:00:42.637 [main] INFO  org.amnay.pages.LoginPage - click on desktops success
18:00:42.639 [main] INFO  org.amnay.pages.LoginPage - checking build your own computer link is displayed ...
18:00:42.688 [main] INFO  org.amnay.TestLogin - build your own computer link is displayed
18:00:43.858 [main] INFO  org.amnay.pages.LoginPage - click on build your own computer success
18:00:44.155 [main] INFO  org.amnay.pages.LoginPage - checking add to cart button is displayed ...
18:00:44.248 [main] INFO  org.amnay.TestLogin - add to cart button click success
18:00:44.248 [main] INFO  org.amnay.pages.LoginPage - checking bar notification success is displayed ...
18:00:44.708 [main] INFO  org.amnay.TestLogin - bar notification success is displayed
18:00:44.991 [main] INFO  org.amnay.base.Base - browser close success
18:00:48.842 [main] INFO  org.amnay.base.Base - browser open success
18:00:49.492 [main] INFO  org.amnay.TestLogin - page title validation success
18:00:49.494 [main] INFO  org.amnay.pages.LoginPage - checking computers link is displayed ...
18:00:49.544 [main] INFO  org.amnay.TestLogin - computers link is displayed
18:00:49.679 [main] INFO  org.amnay.pages.LoginPage - hover over computers success
18:01:00.072 [main] INFO  org.amnay.base.Base - browser close success
18:01:04.355 [main] INFO  org.amnay.base.Base - browser open success
18:01:04.996 [main] INFO  org.amnay.TestLogin - page title validation success
18:01:04.996 [main] INFO  org.amnay.pages.LoginPage - checking computers link is displayed ...
18:01:05.053 [main] INFO  org.amnay.TestLogin - computers link is displayed
18:01:05.192 [main] INFO  org.amnay.pages.LoginPage - hover over computers success
18:01:06.315 [main] INFO  org.amnay.pages.LoginPage - click on notebooks success
18:01:06.490 [main] INFO  org.amnay.pages.LoginPage - click to add MacBook to compare list success
18:01:06.490 [main] INFO  org.amnay.TestLogin - add to compare list button click success
18:01:07.493 [main] INFO  org.amnay.pages.LoginPage - checking bar notification success is displayed ...
18:01:07.539 [main] INFO  org.amnay.TestLogin - bar notification success is displayed
18:01:07.626 [main] INFO  org.amnay.pages.LoginPage - click to add Asus to compare list success
18:01:07.626 [main] INFO  org.amnay.TestLogin - add to compare list button click success
18:01:08.627 [main] INFO  org.amnay.pages.LoginPage - checking bar notification success is displayed ...
18:01:08.676 [main] INFO  org.amnay.TestLogin - bar notification success is displayed
18:01:09.123 [main] INFO  org.amnay.pages.LoginPage - click on product comparison link success
18:01:09.124 [main] INFO  org.amnay.TestLogin - product comparison link click success
18:01:09.124 [main] INFO  org.amnay.pages.LoginPage - checking clear list button is displayed ...
18:01:09.792 [main] INFO  org.amnay.TestLogin - clear list button click success
18:01:09.793 [main] INFO  org.amnay.pages.LoginPage - checking compare list empty is displayed ...
18:01:09.864 [main] INFO  org.amnay.TestLogin - compare list empty is displayed
18:01:10.184 [main] INFO  org.amnay.base.Base - browser close success
18:01:15.553 [main] INFO  org.amnay.base.Base - browser open success
18:01:16.710 [main] INFO  org.amnay.TestLogin - page title validation success
18:01:16.711 [main] INFO  org.amnay.pages.LoginPage - checking computers link is displayed ...
