18:28:29.024 [main] INFO  org.amnay.pages.LoginPage - checking computers link is displayed ...
18:28:29.093 [main] INFO  org.amnay.TestLogin - computers link is displayed
18:28:29.233 [main] INFO  org.amnay.pages.LoginPage - hover over computers success
18:28:30.315 [main] INFO  org.amnay.pages.LoginPage - click on notebooks success
18:28:30.413 [main] INFO  org.amnay.pages.LoginPage - click to add MacBook to compare list success
18:28:30.414 [main] INFO  org.amnay.TestLogin - add to compare list button click success
18:28:31.418 [main] INFO  org.amnay.pages.LoginPage - checking bar notification success is displayed ...
18:28:31.457 [main] INFO  org.amnay.TestLogin - bar notification success is displayed
18:28:31.516 [main] INFO  org.amnay.pages.LoginPage - click to add Asus to compare list success
18:28:31.516 [main] INFO  org.amnay.TestLogin - add to compare list button click success
18:28:32.521 [main] INFO  org.amnay.pages.LoginPage - checking bar notification success is displayed ...
18:28:32.549 [main] INFO  org.amnay.TestLogin - bar notification success is displayed
18:28:32.958 [main] INFO  org.amnay.pages.LoginPage - click on product comparison link success
18:28:32.959 [main] INFO  org.amnay.TestLogin - product comparison link click success
18:28:32.959 [main] INFO  org.amnay.pages.LoginPage - checking clear list button is displayed ...
18:28:33.537 [main] INFO  org.amnay.TestLogin - clear list button click success
18:28:33.538 [main] INFO  org.amnay.pages.LoginPage - checking compare list empty is displayed ...
18:28:33.593 [main] INFO  org.amnay.TestLogin - compare list empty is displayed
18:28:33.847 [main] INFO  org.amnay.base.Base - browser close success
18:28:39.193 [main] INFO  org.amnay.base.Base - browser open success
18:28:39.662 [main] INFO  org.amnay.TestLogin - page title validation success
18:28:39.662 [main] INFO  org.amnay.pages.LoginPage - checking computers link is displayed ...
18:28:39.703 [main] INFO  org.amnay.TestLogin - computers link is displayed
18:28:39.829 [main] INFO  org.amnay.pages.LoginPage - hover over computers success
18:28:40.979 [main] INFO  org.amnay.pages.LoginPage - click on desktops success
18:28:41.060 [main] INFO  org.amnay.pages.LoginPage - click on add to cart success
18:28:41.061 [main] INFO  org.amnay.TestLogin - add to cart button click success
18:28:41.061 [main] INFO  org.amnay.pages.LoginPage - checking bar notification success is displayed ...
18:28:41.768 [main] INFO  org.amnay.TestLogin - bar notification success is displayed
18:28:41.768 [main] INFO  org.amnay.pages.LoginPage - checking shopping cart link is displayed ...
18:28:41.809 [main] INFO  org.amnay.TestLogin - shopping cart link is displayed
18:28:41.881 [main] INFO  org.amnay.pages.LoginPage - click on close bar notification success
18:28:42.026 [main] INFO  org.amnay.pages.LoginPage - hover over cart success
18:28:43.588 [main] INFO  org.amnay.pages.LoginPage - click on go to cart button success
18:28:43.588 [main] INFO  org.amnay.pages.LoginPage - checking remove button is displayed ...
18:28:44.069 [main] INFO  org.amnay.pages.LoginPage - checking shopping cart empty is displayed ...
18:28:44.110 [main] INFO  org.amnay.TestLogin - delete items in cart success
18:28:44.458 [main] INFO  org.amnay.base.Base - browser close success
18:28:49.006 [main] INFO  org.amnay.base.Base - browser open success
18:28:49.451 [main] INFO  org.amnay.TestLogin - page title validation success
18:28:49.451 [main] INFO  org.amnay.pages.LoginPage - checking computers link is displayed ...
18:28:49.510 [main] INFO  org.amnay.TestLogin - computers link is displayed
18:28:49.680 [main] INFO  org.amnay.pages.LoginPage - hover over computers success
18:28:50.234 [main] INFO  org.amnay.pages.LoginPage - click on notebooks success
18:28:50.317 [main] INFO  org.amnay.pages.LoginPage - click to add MacBook to compare list success
18:28:50.317 [main] INFO  org.amnay.TestLogin - add to compare list button click success
18:28:51.320 [main] INFO  org.amnay.pages.LoginPage - checking bar notification success is displayed ...
18:28:51.352 [main] INFO  org.amnay.TestLogin - bar notification success is displayed
18:28:51.410 [main] INFO  org.amnay.pages.LoginPage - click to add Asus to compare list success
18:28:51.410 [main] INFO  org.amnay.TestLogin - add to compare list button click success
18:28:52.415 [main] INFO  org.amnay.pages.LoginPage - checking bar notification success is displayed ...
18:28:52.447 [main] INFO  org.amnay.TestLogin - bar notification success is displayed
18:28:52.847 [main] INFO  org.amnay.pages.LoginPage - click on product comparison link success
18:28:52.847 [main] INFO  org.amnay.TestLogin - product comparison link click success
18:28:53.412 [main] INFO  org.amnay.TestLogin - remove button click success
18:28:53.923 [main] INFO  org.amnay.TestLogin - remove button click success
18:28:53.923 [main] INFO  org.amnay.pages.LoginPage - checking compare list empty is displayed ...
18:28:53.963 [main] INFO  org.amnay.TestLogin - compare list empty is displayed
18:28:54.261 [main] INFO  org.amnay.base.Base - browser close success
18:28:58.756 [main] INFO  org.amnay.base.Base - browser open success
18:28:59.095 [main] INFO  org.amnay.TestLogin - page title validation success
18:28:59.095 [main] INFO  org.amnay.pages.LoginPage - checking computers link is displayed ...
18:28:59.138 [main] INFO  org.amnay.TestLogin - computers link is displayed
18:28:59.270 [main] INFO  org.amnay.pages.LoginPage - hover over computers success
18:28:59.915 [main] INFO  org.amnay.pages.LoginPage - click on desktops success
18:29:00.025 [main] INFO  org.amnay.pages.LoginPage - click on add to cart success
18:29:00.025 [main] INFO  org.amnay.TestLogin - add to wishlist button click success
18:29:00.025 [main] INFO  org.amnay.pages.LoginPage - checking bar notification success is displayed ...
18:29:00.356 [main] INFO  org.amnay.TestLogin - bar notification success is displayed
18:29:00.356 [main] INFO  org.amnay.pages.LoginPage - checking wish list link is displayed ...
18:29:00.394 [main] INFO  org.amnay.TestLogin - wishlist cart link is displayed
18:29:00.464 [main] INFO  org.amnay.pages.LoginPage - click on close bar notification success
18:29:01.868 [main] INFO  org.amnay.pages.LoginPage - checking remove button is displayed ...
18:29:02.234 [main] INFO  org.amnay.pages.LoginPage - checking wishlist empty is displayed ...
18:29:02.287 [main] INFO  org.amnay.TestLogin - update quantity in cart success
18:29:02.589 [main] INFO  org.amnay.base.Base - browser close success
18:29:07.530 [main] INFO  org.amnay.base.Base - browser open success
18:29:07.919 [main] INFO  org.amnay.TestLogin - page title validation success
18:29:07.919 [main] INFO  org.amnay.pages.LoginPage - checking computers link is displayed ...
18:29:07.960 [main] INFO  org.amnay.TestLogin - computers link is displayed
18:29:08.143 [main] INFO  org.amnay.pages.LoginPage - hover over apparel success
18:29:08.965 [main] INFO  org.amnay.pages.LoginPage - click on shoes success
18:29:10.261 [main] INFO  org.amnay.TestLogin - list of prices: [27.56, 30.00, 40.00]
18:29:10.310 [main] INFO  org.amnay.TestLogin - items sorted success
18:29:10.614 [main] INFO  org.amnay.base.Base - browser close success
18:29:15.801 [main] INFO  org.amnay.base.Base - browser open success
18:29:16.275 [main] INFO  org.amnay.TestLogin - page title validation success
18:29:16.275 [main] INFO  org.amnay.pages.LoginPage - checking computers link is displayed ...
18:29:16.332 [main] INFO  org.amnay.TestLogin - computers link is displayed
18:29:16.465 [main] INFO  org.amnay.pages.LoginPage - hover over computers success
18:29:17.113 [main] INFO  org.amnay.pages.LoginPage - click on desktops success
18:29:17.258 [main] INFO  org.amnay.pages.LoginPage - click on add to cart success
18:29:17.258 [main] INFO  org.amnay.TestLogin - add to cart button click success
18:29:17.258 [main] INFO  org.amnay.pages.LoginPage - checking bar notification success is displayed ...
18:29:17.510 [main] INFO  org.amnay.TestLogin - bar notification success is displayed
18:29:17.511 [main] INFO  org.amnay.pages.LoginPage - checking shopping cart link is displayed ...
18:29:17.543 [main] INFO  org.amnay.TestLogin - shopping cart link is displayed
18:29:17.621 [main] INFO  org.amnay.pages.LoginPage - click on close bar notification success
18:29:17.773 [main] INFO  org.amnay.pages.LoginPage - hover over cart success
18:29:19.147 [main] INFO  org.amnay.pages.LoginPage - click on go to cart button success
18:29:19.494 [main] INFO  org.amnay.pages.LoginPage - checking update cart button is displayed ...
18:29:20.010 [main] INFO  org.amnay.TestLogin - update quantity in cart success
18:29:20.397 [main] INFO  org.amnay.base.Base - browser close success
18:29:25.129 [main] INFO  org.amnay.base.Base - browser open success
18:29:25.578 [main] INFO  org.amnay.TestLogin - page title validation success
18:29:25.578 [main] INFO  org.amnay.pages.LoginPage - checking computers link is displayed ...
18:29:25.630 [main] INFO  org.amnay.TestLogin - computers link is displayed
18:29:25.758 [main] INFO  org.amnay.pages.LoginPage - hover over computers success
18:29:26.445 [main] INFO  org.amnay.pages.LoginPage - click on desktops success
18:29:26.546 [main] INFO  org.amnay.pages.LoginPage - click on add to cart success
18:29:26.546 [main] INFO  org.amnay.TestLogin - add to wishlist button click success
18:29:26.546 [main] INFO  org.amnay.pages.LoginPage - checking bar notification success is displayed ...
18:29:26.799 [main] INFO  org.amnay.TestLogin - bar notification success is displayed
18:29:26.799 [main] INFO  org.amnay.pages.LoginPage - checking wish list link is displayed ...
18:29:26.832 [main] INFO  org.amnay.TestLogin - wishlist link is displayed
18:29:26.896 [main] INFO  org.amnay.pages.LoginPage - click on close bar notification success
18:29:29.121 [main] INFO  org.amnay.pages.LoginPage - checking update wishlist button is displayed ...
18:29:29.689 [main] INFO  org.amnay.pages.LoginPage - checking product subtotal success : $2518.0 = $1259.0 * 2
18:29:29.689 [main] INFO  org.amnay.TestLogin - update quantity in wishlist success
18:29:30.005 [main] INFO  org.amnay.base.Base - browser close success
