17:16:24.325 [main] INFO  org.amnay.pages.LoginPage - click on notebooks success
17:16:24.453 [main] INFO  org.amnay.pages.LoginPage - click to add MacBook to compare list success
17:16:24.453 [main] INFO  org.amnay.TestLogin - add to compare list button click success
17:16:24.758 [main] INFO  org.amnay.base.Base - browser close success
17:16:29.935 [main] INFO  org.amnay.base.Base - browser open success
17:16:30.219 [main] INFO  org.amnay.TestLogin - page title validation success
17:16:30.220 [main] INFO  org.amnay.pages.LoginPage - checking computers link is displayed ...
17:16:30.267 [main] INFO  org.amnay.TestLogin - computers link is displayed
17:16:30.414 [main] INFO  org.amnay.pages.LoginPage - hover over computers success
17:16:31.413 [main] INFO  org.amnay.pages.LoginPage - click on desktops success
17:16:31.512 [main] INFO  org.amnay.pages.LoginPage - click on add to cart success
17:16:31.513 [main] INFO  org.amnay.TestLogin - add to wish list button click success
17:16:31.513 [main] INFO  org.amnay.pages.LoginPage - checking bar notification success is displayed ...
17:16:31.747 [main] INFO  org.amnay.TestLogin - bar notification success is displayed
17:16:32.081 [main] INFO  org.amnay.base.Base - browser close success
17:16:36.826 [main] INFO  org.amnay.base.Base - browser open success
17:16:37.183 [main] INFO  org.amnay.TestLogin - page title validation success
17:16:37.183 [main] INFO  org.amnay.pages.LoginPage - checking computers link is displayed ...
17:16:37.226 [main] INFO  org.amnay.TestLogin - computers link is displayed
17:16:37.356 [main] INFO  org.amnay.pages.LoginPage - hover over computers success
17:16:38.059 [main] INFO  org.amnay.pages.LoginPage - click on desktops success
17:16:38.060 [main] INFO  org.amnay.pages.LoginPage - checking build your own computer link is displayed ...
17:16:38.109 [main] INFO  org.amnay.TestLogin - build your own computer link is displayed
17:16:39.277 [main] INFO  org.amnay.pages.LoginPage - click on build your own computer success
17:16:39.589 [main] INFO  org.amnay.pages.LoginPage - checking add to cart button is displayed ...
17:16:39.695 [main] INFO  org.amnay.TestLogin - add to cart button click success
17:16:39.696 [main] INFO  org.amnay.pages.LoginPage - checking bar notification success is displayed ...
17:16:44.613 [main] INFO  org.amnay.TestLogin - bar notification success is displayed
17:16:44.950 [main] INFO  org.amnay.base.Base - browser close success
17:16:49.492 [main] INFO  org.amnay.base.Base - browser open success
17:16:49.733 [main] INFO  org.amnay.TestLogin - page title validation success
17:16:49.734 [main] INFO  org.amnay.pages.LoginPage - checking computers link is displayed ...
17:16:49.779 [main] INFO  org.amnay.TestLogin - computers link is displayed
17:16:49.924 [main] INFO  org.amnay.pages.LoginPage - hover over computers success
17:16:51.056 [main] INFO  org.amnay.pages.LoginPage - click on desktops success
17:16:51.056 [main] INFO  org.amnay.pages.LoginPage - checking build your own computer link is displayed ...
17:16:51.103 [main] INFO  org.amnay.TestLogin - build your own computer link is displayed
17:16:52.266 [main] INFO  org.amnay.pages.LoginPage - click on build your own computer success
17:16:52.401 [main] INFO  org.amnay.pages.LoginPage - checking add to cart button is displayed ...
17:16:52.529 [main] INFO  org.amnay.TestLogin - add to cart button click success
17:16:52.529 [main] INFO  org.amnay.pages.LoginPage - checking bar notification error is displayed ...
17:16:52.767 [main] INFO  org.amnay.TestLogin - bar notification error RAM is displayed
17:16:53.100 [main] INFO  org.amnay.base.Base - browser close success
17:16:58.078 [main] INFO  org.amnay.base.Base - browser open success
17:16:58.358 [main] INFO  org.amnay.TestLogin - page title validation success
17:16:58.359 [main] INFO  org.amnay.pages.LoginPage - checking computers link is displayed ...
17:16:58.399 [main] INFO  org.amnay.TestLogin - computers link is displayed
17:16:58.547 [main] INFO  org.amnay.pages.LoginPage - hover over computers success
17:16:59.589 [main] INFO  org.amnay.pages.LoginPage - click on notebooks success
17:16:59.669 [main] INFO  org.amnay.pages.LoginPage - click to add MacBook to compare list success
17:16:59.670 [main] INFO  org.amnay.TestLogin - add to compare list button click success
17:16:59.953 [main] INFO  org.amnay.base.Base - browser close success
17:17:04.389 [main] INFO  org.amnay.base.Base - browser open success
17:17:04.594 [main] INFO  org.amnay.TestLogin - page title validation success
17:17:04.594 [main] INFO  org.amnay.pages.LoginPage - checking computers link is displayed ...
17:17:04.631 [main] INFO  org.amnay.TestLogin - computers link is displayed
17:17:04.755 [main] INFO  org.amnay.pages.LoginPage - hover over computers success
17:17:06.139 [main] INFO  org.amnay.pages.LoginPage - click on desktops success
17:17:06.218 [main] INFO  org.amnay.pages.LoginPage - click on add to cart success
17:17:06.218 [main] INFO  org.amnay.TestLogin - add to cart button click success
17:17:06.219 [main] INFO  org.amnay.pages.LoginPage - checking bar notification success is displayed ...
17:17:06.615 [main] INFO  org.amnay.TestLogin - bar notification success is displayed
17:17:06.616 [main] INFO  org.amnay.pages.LoginPage - checking shopping cart link is displayed ...
17:17:06.648 [main] INFO  org.amnay.TestLogin - shopping cart link is displayed
17:17:06.707 [main] INFO  org.amnay.pages.LoginPage - click on close bar notification success
17:17:07.036 [main] INFO  org.amnay.pages.LoginPage - hover over cart success
17:17:08.675 [main] INFO  org.amnay.pages.LoginPage - click on go to cart button success
17:17:08.675 [main] INFO  org.amnay.pages.LoginPage - checking remove button is displayed ...
17:17:09.596 [main] INFO  org.amnay.pages.LoginPage - checking shopping cart empty is displayed ...
17:17:09.631 [main] INFO  org.amnay.TestLogin - delete items in cart success
17:17:09.917 [main] INFO  org.amnay.base.Base - browser close success
17:17:14.435 [main] INFO  org.amnay.base.Base - browser open success
17:17:14.712 [main] INFO  org.amnay.TestLogin - page title validation success
17:17:14.712 [main] INFO  org.amnay.pages.LoginPage - checking computers link is displayed ...
17:17:14.753 [main] INFO  org.amnay.TestLogin - computers link is displayed
17:17:14.885 [main] INFO  org.amnay.pages.LoginPage - hover over computers success
17:17:16.046 [main] INFO  org.amnay.pages.LoginPage - click on notebooks success
17:17:16.115 [main] INFO  org.amnay.pages.LoginPage - click to add MacBook to compare list success
17:17:16.116 [main] INFO  org.amnay.TestLogin - add to compare list button click success
17:17:16.432 [main] INFO  org.amnay.base.Base - browser close success
17:17:20.985 [main] INFO  org.amnay.base.Base - browser open success
17:17:21.221 [main] INFO  org.amnay.TestLogin - page title validation success
17:17:21.224 [main] INFO  org.amnay.pages.LoginPage - checking computers link is displayed ...
17:17:21.269 [main] INFO  org.amnay.TestLogin - computers link is displayed
17:17:21.402 [main] INFO  org.amnay.pages.LoginPage - hover over computers success
17:17:22.383 [main] INFO  org.amnay.pages.LoginPage - click on desktops success
17:17:22.483 [main] INFO  org.amnay.pages.LoginPage - click on add to cart success
17:17:22.484 [main] INFO  org.amnay.TestLogin - add to wishlist button click success
17:17:22.485 [main] INFO  org.amnay.pages.LoginPage - checking bar notification success is displayed ...
17:17:22.818 [main] INFO  org.amnay.TestLogin - bar notification success is displayed
17:17:22.819 [main] INFO  org.amnay.pages.LoginPage - checking wish list link is displayed ...
17:17:22.878 [main] INFO  org.amnay.TestLogin - wishlist cart link is displayed
17:17:22.943 [main] INFO  org.amnay.pages.LoginPage - click on close bar notification success
17:17:23.212 [main] INFO  org.amnay.base.Base - browser close success
17:17:28.125 [main] INFO  org.amnay.base.Base - browser open success
17:17:28.411 [main] INFO  org.amnay.TestLogin - page title validation success
17:17:28.412 [main] INFO  org.amnay.pages.LoginPage - checking computers link is displayed ...
17:17:28.451 [main] INFO  org.amnay.TestLogin - computers link is displayed
17:17:28.587 [main] INFO  org.amnay.pages.LoginPage - hover over apparel success
17:17:30.178 [main] INFO  org.amnay.pages.LoginPage - click on shoes success
17:17:31.420 [main] INFO  org.amnay.TestLogin - list of prices: [27.56, 30.00, 40.00]
17:17:31.454 [main] INFO  org.amnay.TestLogin - items sorted success
17:17:31.730 [main] INFO  org.amnay.base.Base - browser close success
17:17:36.793 [main] INFO  org.amnay.base.Base - browser open success
17:17:37.243 [main] INFO  org.amnay.TestLogin - page title validation success
17:17:37.244 [main] INFO  org.amnay.pages.LoginPage - checking computers link is displayed ...
17:17:37.307 [main] INFO  org.amnay.TestLogin - computers link is displayed
17:17:37.438 [main] INFO  org.amnay.pages.LoginPage - hover over computers success
17:17:38.492 [main] INFO  org.amnay.pages.LoginPage - click on desktops success
17:17:38.573 [main] INFO  org.amnay.pages.LoginPage - click on add to cart success
17:17:38.574 [main] INFO  org.amnay.TestLogin - add to cart button click success
17:17:38.574 [main] INFO  org.amnay.pages.LoginPage - checking bar notification success is displayed ...
17:17:38.862 [main] INFO  org.amnay.TestLogin - bar notification success is displayed
17:17:38.862 [main] INFO  org.amnay.pages.LoginPage - checking shopping cart link is displayed ...
17:17:38.907 [main] INFO  org.amnay.TestLogin - shopping cart link is displayed
17:17:39.085 [main] INFO  org.amnay.pages.LoginPage - click on close bar notification success
17:17:39.317 [main] INFO  org.amnay.pages.LoginPage - hover over cart success
17:17:40.487 [main] INFO  org.amnay.pages.LoginPage - click on go to cart button success
17:17:40.728 [main] INFO  org.amnay.pages.LoginPage - checking update cart button is displayed ...
17:17:41.221 [main] INFO  org.amnay.TestLogin - update quantity in cart success
17:17:41.551 [main] INFO  org.amnay.base.Base - browser close success
17:17:46.358 [main] INFO  org.amnay.base.Base - browser open success
