19:26:07.992 [main] INFO  org.amnay.TestLogin - clear list button click success
19:26:08.004 [main] INFO  org.amnay.pages.LoginPage - checking compare list empty is displayed ...
19:26:08.055 [main] INFO  org.amnay.TestLogin - compare list empty is displayed
19:26:08.401 [main] INFO  org.amnay.base.Base - browser close success
19:26:12.638 [main] INFO  org.amnay.base.Base - browser open success
19:26:13.263 [main] INFO  org.amnay.TestLogin - page title validation success
19:26:13.263 [main] INFO  org.amnay.pages.LoginPage - checking computers link is displayed ...
19:26:13.306 [main] INFO  org.amnay.TestLogin - computers link is displayed
19:26:13.460 [main] INFO  org.amnay.pages.LoginPage - hover over computers success
19:26:14.599 [main] INFO  org.amnay.pages.LoginPage - click on desktops success
19:26:14.705 [main] INFO  org.amnay.pages.LoginPage - click on add to cart success
19:26:14.705 [main] INFO  org.amnay.TestLogin - add to cart button click success
19:26:14.705 [main] INFO  org.amnay.pages.LoginPage - checking bar notification success is displayed ...
19:26:14.938 [main] INFO  org.amnay.TestLogin - bar notification success is displayed
19:26:14.938 [main] INFO  org.amnay.pages.LoginPage - checking shopping cart link is displayed ...
19:26:14.983 [main] INFO  org.amnay.TestLogin - shopping cart link is displayed
19:26:15.054 [main] INFO  org.amnay.pages.LoginPage - click on close bar notification success
19:26:15.221 [main] INFO  org.amnay.pages.LoginPage - hover over cart success
19:26:16.712 [main] INFO  org.amnay.pages.LoginPage - click on go to cart button success
19:26:16.712 [main] INFO  org.amnay.pages.LoginPage - checking remove button is displayed ...
19:26:17.633 [main] INFO  org.amnay.pages.LoginPage - checking shopping cart empty is displayed ...
19:26:17.688 [main] INFO  org.amnay.TestLogin - delete items in cart success
19:26:17.972 [main] INFO  org.amnay.base.Base - browser close success
19:26:22.588 [main] INFO  org.amnay.base.Base - browser open success
19:26:22.988 [main] INFO  org.amnay.TestLogin - page title validation success
19:26:22.989 [main] INFO  org.amnay.pages.LoginPage - checking computers link is displayed ...
19:26:23.040 [main] INFO  org.amnay.TestLogin - computers link is displayed
19:26:23.175 [main] INFO  org.amnay.pages.LoginPage - hover over computers success
19:26:24.290 [main] INFO  org.amnay.pages.LoginPage - click on notebooks success
19:26:24.502 [main] INFO  org.amnay.pages.LoginPage - click to add MacBook to compare list success
19:26:24.504 [main] INFO  org.amnay.TestLogin - add to compare list button click success
19:26:24.749 [main] INFO  org.amnay.pages.LoginPage - checking bar notification success is displayed ...
19:26:24.799 [main] INFO  org.amnay.TestLogin - bar notification success is displayed
19:26:24.878 [main] INFO  org.amnay.pages.LoginPage - click to add Asus to compare list success
19:26:24.878 [main] INFO  org.amnay.TestLogin - add to compare list button click success
19:26:24.911 [main] INFO  org.amnay.pages.LoginPage - checking bar notification success is displayed ...
19:26:24.947 [main] INFO  org.amnay.TestLogin - bar notification success is displayed
19:26:25.710 [main] INFO  org.amnay.pages.LoginPage - click on product comparison link success
19:26:25.710 [main] INFO  org.amnay.TestLogin - product comparison link click success
19:26:26.267 [main] INFO  org.amnay.TestLogin - remove button click success
19:26:26.799 [main] INFO  org.amnay.TestLogin - remove button click success
19:26:26.799 [main] INFO  org.amnay.pages.LoginPage - checking compare list empty is displayed ...
19:26:26.842 [main] INFO  org.amnay.TestLogin - compare list empty is displayed
19:26:27.146 [main] INFO  org.amnay.base.Base - browser close success
19:26:32.184 [main] INFO  org.amnay.base.Base - browser open success
19:26:33.037 [main] INFO  org.amnay.TestLogin - page title validation success
19:26:33.037 [main] INFO  org.amnay.pages.LoginPage - checking computers link is displayed ...
19:26:33.113 [main] INFO  org.amnay.TestLogin - computers link is displayed
19:26:33.305 [main] INFO  org.amnay.pages.LoginPage - hover over computers success
19:26:34.557 [main] INFO  org.amnay.pages.LoginPage - click on desktops success
19:26:34.708 [main] INFO  org.amnay.pages.LoginPage - click on add to cart success
19:26:34.709 [main] INFO  org.amnay.TestLogin - add to wishlist button click success
19:26:34.709 [main] INFO  org.amnay.pages.LoginPage - checking bar notification success is displayed ...
19:26:34.974 [main] INFO  org.amnay.TestLogin - bar notification success is displayed
19:26:34.974 [main] INFO  org.amnay.pages.LoginPage - checking wish list link is displayed ...
19:26:35.042 [main] INFO  org.amnay.TestLogin - wishlist cart link is displayed
19:26:35.141 [main] INFO  org.amnay.pages.LoginPage - click on close bar notification success
19:26:36.562 [main] INFO  org.amnay.pages.LoginPage - checking remove button is displayed ...
19:26:37.049 [main] INFO  org.amnay.pages.LoginPage - checking wishlist empty is displayed ...
19:26:37.169 [main] INFO  org.amnay.TestLogin - update quantity in cart success
19:26:37.510 [main] INFO  org.amnay.base.Base - browser close success
19:26:42.630 [main] INFO  org.amnay.base.Base - browser open success
19:26:43.799 [main] INFO  org.amnay.TestLogin - page title validation success
19:26:43.802 [main] INFO  org.amnay.pages.LoginPage - checking computers link is displayed ...
19:26:43.877 [main] INFO  org.amnay.TestLogin - computers link is displayed
19:26:44.061 [main] INFO  org.amnay.pages.LoginPage - hover over apparel success
19:26:45.182 [main] INFO  org.amnay.pages.LoginPage - click on shoes success
19:26:46.466 [main] INFO  org.amnay.TestLogin - list of prices: [27.56, 30.00, 40.00]
19:26:46.510 [main] INFO  org.amnay.TestLogin - items sorted success
19:26:46.786 [main] INFO  org.amnay.base.Base - browser close success
19:26:54.970 [main] INFO  org.amnay.base.Base - browser open success
19:26:56.161 [main] INFO  org.amnay.TestLogin - page title validation success
19:26:56.161 [main] INFO  org.amnay.pages.LoginPage - checking computers link is displayed ...
19:26:56.220 [main] INFO  org.amnay.TestLogin - computers link is displayed
19:26:56.377 [main] INFO  org.amnay.pages.LoginPage - hover over computers success
19:26:57.045 [main] INFO  org.amnay.pages.LoginPage - click on desktops success
19:26:57.278 [main] INFO  org.amnay.pages.LoginPage - click on add to cart success
19:26:57.278 [main] INFO  org.amnay.TestLogin - add to cart button click success
19:26:57.278 [main] INFO  org.amnay.pages.LoginPage - checking bar notification success is displayed ...
19:26:57.904 [main] INFO  org.amnay.TestLogin - bar notification success is displayed
19:26:57.904 [main] INFO  org.amnay.pages.LoginPage - checking shopping cart link is displayed ...
19:26:58.212 [main] INFO  org.amnay.TestLogin - shopping cart link is displayed
19:26:58.743 [main] INFO  org.amnay.pages.LoginPage - click on close bar notification success
19:26:59.059 [main] INFO  org.amnay.pages.LoginPage - hover over cart success
19:27:00.907 [main] INFO  org.amnay.pages.LoginPage - click on go to cart button success
19:27:01.665 [main] INFO  org.amnay.pages.LoginPage - checking update cart button is displayed ...
19:27:03.002 [main] INFO  org.amnay.TestLogin - update quantity in cart success
19:27:03.394 [main] INFO  org.amnay.base.Base - browser close success
19:27:12.278 [main] INFO  org.amnay.base.Base - browser open success
19:27:13.263 [main] INFO  org.amnay.TestLogin - page title validation success
19:27:13.264 [main] INFO  org.amnay.pages.LoginPage - checking computers link is displayed ...
19:27:13.325 [main] INFO  org.amnay.TestLogin - computers link is displayed
19:27:13.479 [main] INFO  org.amnay.pages.LoginPage - hover over computers success
19:27:14.416 [main] INFO  org.amnay.pages.LoginPage - click on desktops success
19:27:14.529 [main] INFO  org.amnay.pages.LoginPage - click on add to cart success
19:27:14.529 [main] INFO  org.amnay.TestLogin - add to wishlist button click success
19:27:14.529 [main] INFO  org.amnay.pages.LoginPage - checking bar notification success is displayed ...
19:27:14.804 [main] INFO  org.amnay.TestLogin - bar notification success is displayed
19:27:14.804 [main] INFO  org.amnay.pages.LoginPage - checking wish list link is displayed ...
19:27:14.901 [main] INFO  org.amnay.TestLogin - wishlist link is displayed
19:27:15.055 [main] INFO  org.amnay.pages.LoginPage - click on close bar notification success
19:27:16.854 [main] INFO  org.amnay.pages.LoginPage - checking update wishlist button is displayed ...
19:27:17.695 [main] INFO  org.amnay.pages.LoginPage - checking product subtotal success : $2518.0 = $1259.0 * 2
19:27:17.700 [main] INFO  org.amnay.TestLogin - update quantity in wishlist success
19:27:18.095 [main] INFO  org.amnay.base.Base - browser close success
23:25:23.835 [main] INFO  org.amnay.base.Base - browser open success
23:25:27.872 [main] INFO  org.amnay.TestLogin - page title validation success
23:25:27.873 [main] INFO  org.amnay.pages.LoginPage - checking computers link is displayed ...
23:25:27.993 [main] INFO  org.amnay.TestLogin - computers link is displayed
23:25:28.166 [main] INFO  org.amnay.pages.LoginPage - hover over computers success
23:25:29.721 [main] INFO  org.amnay.pages.LoginPage - click on desktops success
23:25:29.869 [main] INFO  org.amnay.pages.LoginPage - click on add to cart success
23:25:29.869 [main] INFO  org.amnay.TestLogin - add to cart button click success
23:25:29.869 [main] INFO  org.amnay.pages.LoginPage - checking bar notification success is displayed ...
23:25:30.306 [main] INFO  org.amnay.TestLogin - bar notification success is displayed
23:25:31.367 [main] INFO  org.amnay.base.Base - browser close success
23:25:39.447 [main] INFO  org.amnay.base.Base - browser open success
23:25:40.964 [main] INFO  org.amnay.TestLogin - page title validation success
23:25:40.965 [main] INFO  org.amnay.pages.LoginPage - checking computers link is displayed ...
23:25:41.033 [main] INFO  org.amnay.TestLogin - computers link is displayed
23:25:41.187 [main] INFO  org.amnay.pages.LoginPage - hover over computers success
23:25:42.025 [main] INFO  org.amnay.pages.LoginPage - click on desktops success
