19:07:20.503 [main] INFO  org.amnay.TestLogin - computers link is displayed
19:07:20.636 [main] INFO  org.amnay.pages.LoginPage - hover over computers success
19:07:21.202 [main] INFO  org.amnay.pages.LoginPage - click on notebooks success
19:07:21.287 [main] INFO  org.amnay.pages.LoginPage - click to add MacBook to compare list success
19:07:21.287 [main] INFO  org.amnay.TestLogin - add to compare list button click success
19:07:21.519 [main] INFO  org.amnay.pages.LoginPage - checking bar notification success is displayed ...
19:07:21.549 [main] INFO  org.amnay.TestLogin - bar notification success is displayed
19:07:21.622 [main] INFO  org.amnay.pages.LoginPage - click to add Asus to compare list success
19:07:21.622 [main] INFO  org.amnay.TestLogin - add to compare list button click success
19:07:21.672 [main] INFO  org.amnay.pages.LoginPage - checking bar notification success is displayed ...
19:07:21.762 [main] INFO  org.amnay.TestLogin - bar notification success is displayed
19:07:22.236 [main] INFO  org.amnay.base.Base - browser close success
19:07:27.010 [main] INFO  org.amnay.base.Base - browser open success
19:07:27.577 [main] INFO  org.amnay.TestLogin - page title validation success
19:07:27.578 [main] INFO  org.amnay.pages.LoginPage - checking computers link is displayed ...
19:07:27.626 [main] INFO  org.amnay.TestLogin - computers link is displayed
19:07:27.796 [main] INFO  org.amnay.pages.LoginPage - hover over computers success
19:07:28.456 [main] INFO  org.amnay.pages.LoginPage - click on desktops success
19:07:28.556 [main] INFO  org.amnay.pages.LoginPage - click on add to cart success
19:07:28.556 [main] INFO  org.amnay.TestLogin - add to cart button click success
19:07:28.556 [main] INFO  org.amnay.pages.LoginPage - checking bar notification success is displayed ...
19:07:28.800 [main] INFO  org.amnay.TestLogin - bar notification success is displayed
19:07:28.800 [main] INFO  org.amnay.pages.LoginPage - checking shopping cart link is displayed ...
19:07:28.841 [main] INFO  org.amnay.TestLogin - shopping cart link is displayed
19:07:29.120 [main] INFO  org.amnay.pages.LoginPage - click on close bar notification success
19:07:29.350 [main] INFO  org.amnay.pages.LoginPage - hover over cart success
19:07:30.459 [main] INFO  org.amnay.pages.LoginPage - click on go to cart button success
19:07:30.459 [main] INFO  org.amnay.pages.LoginPage - checking remove button is displayed ...
19:07:31.356 [main] INFO  org.amnay.pages.LoginPage - checking shopping cart empty is displayed ...
19:07:31.410 [main] INFO  org.amnay.TestLogin - delete items in cart success
19:07:31.698 [main] INFO  org.amnay.base.Base - browser close success
19:07:37.258 [main] INFO  org.amnay.base.Base - browser open success
19:07:37.628 [main] INFO  org.amnay.TestLogin - page title validation success
19:07:37.629 [main] INFO  org.amnay.pages.LoginPage - checking computers link is displayed ...
19:07:37.680 [main] INFO  org.amnay.TestLogin - computers link is displayed
19:07:37.815 [main] INFO  org.amnay.pages.LoginPage - hover over computers success
19:07:38.847 [main] INFO  org.amnay.pages.LoginPage - click on notebooks success
19:07:38.963 [main] INFO  org.amnay.pages.LoginPage - click to add MacBook to compare list success
19:07:38.963 [main] INFO  org.amnay.TestLogin - add to compare list button click success
19:07:39.160 [main] INFO  org.amnay.pages.LoginPage - checking bar notification success is displayed ...
19:07:39.199 [main] INFO  org.amnay.TestLogin - bar notification success is displayed
19:07:39.282 [main] INFO  org.amnay.pages.LoginPage - click to add Asus to compare list success
19:07:39.282 [main] INFO  org.amnay.TestLogin - add to compare list button click success
19:07:39.314 [main] INFO  org.amnay.pages.LoginPage - checking bar notification success is displayed ...
19:07:39.347 [main] INFO  org.amnay.TestLogin - bar notification success is displayed
19:07:39.822 [main] INFO  org.amnay.base.Base - browser close success
19:07:44.397 [main] INFO  org.amnay.base.Base - browser open success
19:07:44.728 [main] INFO  org.amnay.TestLogin - page title validation success
19:07:44.729 [main] INFO  org.amnay.pages.LoginPage - checking computers link is displayed ...
19:07:44.767 [main] INFO  org.amnay.TestLogin - computers link is displayed
19:07:44.907 [main] INFO  org.amnay.pages.LoginPage - hover over computers success
19:07:45.411 [main] INFO  org.amnay.pages.LoginPage - click on desktops success
19:07:45.523 [main] INFO  org.amnay.pages.LoginPage - click on add to cart success
19:07:45.523 [main] INFO  org.amnay.TestLogin - add to wishlist button click success
19:07:45.525 [main] INFO  org.amnay.pages.LoginPage - checking bar notification success is displayed ...
19:07:45.785 [main] INFO  org.amnay.TestLogin - bar notification success is displayed
19:07:45.785 [main] INFO  org.amnay.pages.LoginPage - checking wish list link is displayed ...
19:07:45.832 [main] INFO  org.amnay.TestLogin - wishlist cart link is displayed
19:07:45.900 [main] INFO  org.amnay.pages.LoginPage - click on close bar notification success
19:07:47.281 [main] INFO  org.amnay.pages.LoginPage - checking remove button is displayed ...
19:07:47.665 [main] INFO  org.amnay.pages.LoginPage - checking wishlist empty is displayed ...
19:07:47.719 [main] INFO  org.amnay.TestLogin - update quantity in cart success
19:07:47.977 [main] INFO  org.amnay.base.Base - browser close success
19:07:52.521 [main] INFO  org.amnay.base.Base - browser open success
19:07:52.994 [main] INFO  org.amnay.TestLogin - page title validation success
19:07:52.994 [main] INFO  org.amnay.pages.LoginPage - checking computers link is displayed ...
19:07:53.037 [main] INFO  org.amnay.TestLogin - computers link is displayed
19:07:53.170 [main] INFO  org.amnay.pages.LoginPage - hover over apparel success
19:07:54.161 [main] INFO  org.amnay.pages.LoginPage - click on shoes success
19:07:55.419 [main] INFO  org.amnay.TestLogin - list of prices: [27.56, 30.00, 40.00]
19:07:55.456 [main] INFO  org.amnay.TestLogin - items sorted success
19:07:55.744 [main] INFO  org.amnay.base.Base - browser close success
19:08:00.836 [main] INFO  org.amnay.base.Base - browser open success
19:08:01.224 [main] INFO  org.amnay.TestLogin - page title validation success
19:08:01.224 [main] INFO  org.amnay.pages.LoginPage - checking computers link is displayed ...
19:08:01.280 [main] INFO  org.amnay.TestLogin - computers link is displayed
19:08:01.448 [main] INFO  org.amnay.pages.LoginPage - hover over computers success
19:08:01.975 [main] INFO  org.amnay.pages.LoginPage - click on desktops success
19:08:02.077 [main] INFO  org.amnay.pages.LoginPage - click on add to cart success
19:08:02.077 [main] INFO  org.amnay.TestLogin - add to cart button click success
19:08:02.077 [main] INFO  org.amnay.pages.LoginPage - checking bar notification success is displayed ...
19:08:02.325 [main] INFO  org.amnay.TestLogin - bar notification success is displayed
19:08:02.326 [main] INFO  org.amnay.pages.LoginPage - checking shopping cart link is displayed ...
19:08:02.359 [main] INFO  org.amnay.TestLogin - shopping cart link is displayed
19:08:02.429 [main] INFO  org.amnay.pages.LoginPage - click on close bar notification success
19:08:02.589 [main] INFO  org.amnay.pages.LoginPage - hover over cart success
19:08:04.136 [main] INFO  org.amnay.pages.LoginPage - click on go to cart button success
19:08:04.433 [main] INFO  org.amnay.pages.LoginPage - checking update cart button is displayed ...
19:08:05.051 [main] INFO  org.amnay.TestLogin - update quantity in cart success
19:08:05.358 [main] INFO  org.amnay.base.Base - browser close success
19:08:09.626 [main] INFO  org.amnay.base.Base - browser open success
19:08:09.914 [main] INFO  org.amnay.TestLogin - page title validation success
19:08:09.915 [main] INFO  org.amnay.pages.LoginPage - checking computers link is displayed ...
19:08:09.953 [main] INFO  org.amnay.TestLogin - computers link is displayed
19:08:10.083 [main] INFO  org.amnay.pages.LoginPage - hover over computers success
19:08:10.618 [main] INFO  org.amnay.pages.LoginPage - click on desktops success
19:08:10.700 [main] INFO  org.amnay.pages.LoginPage - click on add to cart success
19:08:10.700 [main] INFO  org.amnay.TestLogin - add to wishlist button click success
19:08:10.700 [main] INFO  org.amnay.pages.LoginPage - checking bar notification success is displayed ...
19:08:10.979 [main] INFO  org.amnay.TestLogin - bar notification success is displayed
19:08:10.979 [main] INFO  org.amnay.pages.LoginPage - checking wish list link is displayed ...
19:08:11.017 [main] INFO  org.amnay.TestLogin - wishlist link is displayed
19:08:11.085 [main] INFO  org.amnay.pages.LoginPage - click on close bar notification success
19:08:12.718 [main] INFO  org.amnay.pages.LoginPage - checking update wishlist button is displayed ...
19:08:13.306 [main] INFO  org.amnay.pages.LoginPage - checking product subtotal success : $2518.0 = $1259.0 * 2
19:08:13.307 [main] INFO  org.amnay.TestLogin - update quantity in wishlist success
19:08:13.631 [main] INFO  org.amnay.base.Base - browser close success
19:12:57.384 [main] INFO  org.amnay.base.Base - browser open success
19:13:01.486 [main] INFO  org.amnay.TestLogin - page title validation success
19:13:01.487 [main] INFO  org.amnay.pages.LoginPage - checking computers link is displayed ...
19:13:01.668 [main] INFO  org.amnay.TestLogin - computers link is displayed
19:13:01.873 [main] INFO  org.amnay.pages.LoginPage - hover over computers success
19:13:03.335 [main] INFO  org.amnay.pages.LoginPage - click on desktops success
19:13:03.464 [main] INFO  org.amnay.pages.LoginPage - click on add to cart success
19:13:03.466 [main] INFO  org.amnay.TestLogin - add to cart button click success
19:13:03.466 [main] INFO  org.amnay.pages.LoginPage - checking bar notification success is displayed ...
19:13:03.724 [main] INFO  org.amnay.TestLogin - bar notification success is displayed
19:13:04.786 [main] INFO  org.amnay.base.Base - browser close success
19:13:08.876 [main] INFO  org.amnay.base.Base - browser open success
19:13:09.475 [main] INFO  org.amnay.TestLogin - page title validation success
19:13:09.476 [main] INFO  org.amnay.pages.LoginPage - checking computers link is displayed ...
