18:52:39.241 [main] INFO  org.amnay.TestLogin - add to wish list button click success
18:52:39.255 [main] INFO  org.amnay.pages.LoginPage - checking bar notification success is displayed ...
18:52:39.957 [main] INFO  org.amnay.TestLogin - bar notification success is displayed
18:52:39.957 [main] INFO  org.amnay.pages.LoginPage - checking wish list link is displayed ...
18:52:39.995 [main] INFO  org.amnay.TestLogin - wishlist cart link is displayed
18:52:40.132 [main] INFO  org.amnay.pages.LoginPage - click on close bar notification success
18:52:41.614 [main] INFO  org.amnay.TestLogin - items quantity to add to the cart is : 1 item(s)
18:52:41.614 [main] INFO  org.amnay.pages.LoginPage - checking add to cart checkbox is displayed ...
18:52:41.722 [main] INFO  org.amnay.pages.LoginPage - checking add to cart button is displayed ...
18:52:42.840 [main] INFO  org.amnay.TestLogin - items quantity in cart is : 1 item(s)
18:52:43.207 [main] INFO  org.amnay.base.Base - browser close success
18:52:48.400 [main] INFO  org.amnay.base.Base - browser open success
18:52:48.950 [main] INFO  org.amnay.TestLogin - page title validation success
18:52:48.951 [main] INFO  org.amnay.pages.LoginPage - checking computers link is displayed ...
18:52:49.004 [main] INFO  org.amnay.TestLogin - computers link is displayed
18:52:49.136 [main] INFO  org.amnay.pages.LoginPage - hover over computers success
18:52:49.736 [main] INFO  org.amnay.pages.LoginPage - click on notebooks success
18:52:49.851 [main] INFO  org.amnay.pages.LoginPage - click to add MacBook to compare list success
18:52:49.851 [main] INFO  org.amnay.TestLogin - add to compare list button click success
18:52:50.107 [main] INFO  org.amnay.pages.LoginPage - checking bar notification success is displayed ...
18:52:50.179 [main] INFO  org.amnay.TestLogin - bar notification success is displayed
18:52:50.486 [main] INFO  org.amnay.pages.LoginPage - click to add Asus to compare list success
18:52:50.486 [main] INFO  org.amnay.TestLogin - add to compare list button click success
18:52:50.946 [main] INFO  org.amnay.base.Base - browser close success
18:52:55.829 [main] INFO  org.amnay.base.Base - browser open success
18:52:56.439 [main] INFO  org.amnay.TestLogin - page title validation success
18:52:56.439 [main] INFO  org.amnay.pages.LoginPage - checking computers link is displayed ...
18:52:56.491 [main] INFO  org.amnay.TestLogin - computers link is displayed
18:52:56.632 [main] INFO  org.amnay.pages.LoginPage - hover over computers success
18:52:57.227 [main] INFO  org.amnay.pages.LoginPage - click on desktops success
18:52:57.361 [main] INFO  org.amnay.pages.LoginPage - click on add to cart success
18:52:57.362 [main] INFO  org.amnay.TestLogin - add to wish list button click success
18:52:57.362 [main] INFO  org.amnay.pages.LoginPage - checking bar notification success is displayed ...
18:52:57.593 [main] INFO  org.amnay.TestLogin - bar notification success is displayed
18:52:57.906 [main] INFO  org.amnay.base.Base - browser close success
18:53:02.953 [main] INFO  org.amnay.base.Base - browser open success
18:53:03.367 [main] INFO  org.amnay.TestLogin - page title validation success
18:53:03.367 [main] INFO  org.amnay.pages.LoginPage - checking computers link is displayed ...
18:53:03.408 [main] INFO  org.amnay.TestLogin - computers link is displayed
18:53:03.552 [main] INFO  org.amnay.pages.LoginPage - hover over computers success
18:53:04.093 [main] INFO  org.amnay.pages.LoginPage - click on desktops success
18:53:04.094 [main] INFO  org.amnay.pages.LoginPage - checking build your own computer link is displayed ...
18:53:04.140 [main] INFO  org.amnay.TestLogin - build your own computer link is displayed
18:53:05.277 [main] INFO  org.amnay.pages.LoginPage - click on build your own computer success
18:53:05.630 [main] INFO  org.amnay.pages.LoginPage - checking add to cart button is displayed ...
18:53:05.726 [main] INFO  org.amnay.TestLogin - add to cart button click success
18:53:05.727 [main] INFO  org.amnay.pages.LoginPage - checking bar notification success is displayed ...
18:53:06.007 [main] INFO  org.amnay.TestLogin - bar notification success is displayed
18:53:06.321 [main] INFO  org.amnay.base.Base - browser close success
18:53:10.878 [main] INFO  org.amnay.base.Base - browser open success
18:53:11.411 [main] INFO  org.amnay.TestLogin - page title validation success
18:53:11.412 [main] INFO  org.amnay.pages.LoginPage - checking computers link is displayed ...
18:53:11.459 [main] INFO  org.amnay.TestLogin - computers link is displayed
18:53:11.592 [main] INFO  org.amnay.pages.LoginPage - hover over computers success
18:53:12.562 [main] INFO  org.amnay.pages.LoginPage - click on desktops success
18:53:12.562 [main] INFO  org.amnay.pages.LoginPage - checking build your own computer link is displayed ...
18:53:12.614 [main] INFO  org.amnay.TestLogin - build your own computer link is displayed
18:53:13.755 [main] INFO  org.amnay.pages.LoginPage - click on build your own computer success
18:53:13.894 [main] INFO  org.amnay.pages.LoginPage - checking add to cart button is displayed ...
18:53:14.003 [main] INFO  org.amnay.TestLogin - add to cart button click success
18:53:14.003 [main] INFO  org.amnay.pages.LoginPage - checking bar notification error is displayed ...
18:53:14.246 [main] INFO  org.amnay.TestLogin - bar notification error RAM is displayed
18:53:14.529 [main] INFO  org.amnay.base.Base - browser close success
18:53:19.133 [main] INFO  org.amnay.base.Base - browser open success
18:53:19.661 [main] INFO  org.amnay.TestLogin - page title validation success
18:53:19.661 [main] INFO  org.amnay.pages.LoginPage - checking computers link is displayed ...
18:53:19.703 [main] INFO  org.amnay.TestLogin - computers link is displayed
18:53:19.830 [main] INFO  org.amnay.pages.LoginPage - hover over computers success
18:53:20.830 [main] INFO  org.amnay.pages.LoginPage - click on notebooks success
18:53:20.955 [main] INFO  org.amnay.pages.LoginPage - click to add MacBook to compare list success
18:53:20.955 [main] INFO  org.amnay.TestLogin - add to compare list button click success
18:53:21.190 [main] INFO  org.amnay.pages.LoginPage - checking bar notification success is displayed ...
18:53:21.222 [main] INFO  org.amnay.TestLogin - bar notification success is displayed
18:53:21.301 [main] INFO  org.amnay.pages.LoginPage - click to add Asus to compare list success
18:53:21.302 [main] INFO  org.amnay.TestLogin - add to compare list button click success
18:53:21.339 [main] INFO  org.amnay.pages.LoginPage - checking bar notification success is displayed ...
18:53:21.371 [main] INFO  org.amnay.TestLogin - bar notification success is displayed
18:53:21.804 [main] INFO  org.amnay.pages.LoginPage - click on product comparison link success
18:53:21.804 [main] INFO  org.amnay.TestLogin - product comparison link click success
18:53:21.804 [main] INFO  org.amnay.pages.LoginPage - checking clear list button is displayed ...
18:53:22.364 [main] INFO  org.amnay.TestLogin - clear list button click success
18:53:22.365 [main] INFO  org.amnay.pages.LoginPage - checking compare list empty is displayed ...
18:53:22.407 [main] INFO  org.amnay.TestLogin - compare list empty is displayed
18:53:22.668 [main] INFO  org.amnay.base.Base - browser close success
18:53:27.183 [main] INFO  org.amnay.base.Base - browser open success
18:53:27.450 [main] INFO  org.amnay.TestLogin - page title validation success
18:53:27.450 [main] INFO  org.amnay.pages.LoginPage - checking computers link is displayed ...
18:53:27.485 [main] INFO  org.amnay.TestLogin - computers link is displayed
18:53:27.613 [main] INFO  org.amnay.pages.LoginPage - hover over computers success
18:53:28.779 [main] INFO  org.amnay.pages.LoginPage - click on desktops success
18:53:28.856 [main] INFO  org.amnay.pages.LoginPage - click on add to cart success
18:53:28.857 [main] INFO  org.amnay.TestLogin - add to cart button click success
18:53:28.857 [main] INFO  org.amnay.pages.LoginPage - checking bar notification success is displayed ...
18:53:29.127 [main] INFO  org.amnay.TestLogin - bar notification success is displayed
18:53:29.128 [main] INFO  org.amnay.pages.LoginPage - checking shopping cart link is displayed ...
18:53:29.161 [main] INFO  org.amnay.TestLogin - shopping cart link is displayed
18:53:29.226 [main] INFO  org.amnay.pages.LoginPage - click on close bar notification success
18:53:29.390 [main] INFO  org.amnay.pages.LoginPage - hover over cart success
18:53:30.810 [main] INFO  org.amnay.pages.LoginPage - click on go to cart button success
18:53:30.812 [main] INFO  org.amnay.pages.LoginPage - checking remove button is displayed ...
18:53:31.265 [main] INFO  org.amnay.pages.LoginPage - checking shopping cart empty is displayed ...
18:53:31.313 [main] INFO  org.amnay.TestLogin - delete items in cart success
18:53:31.578 [main] INFO  org.amnay.base.Base - browser close success
18:53:36.563 [main] INFO  org.amnay.base.Base - browser open success
18:53:36.862 [main] INFO  org.amnay.TestLogin - page title validation success
18:53:36.862 [main] INFO  org.amnay.pages.LoginPage - checking computers link is displayed ...
18:53:36.902 [main] INFO  org.amnay.TestLogin - computers link is displayed
18:53:37.040 [main] INFO  org.amnay.pages.LoginPage - hover over computers success
18:53:37.696 [main] INFO  org.amnay.pages.LoginPage - click on notebooks success
18:53:37.793 [main] INFO  org.amnay.pages.LoginPage - click to add MacBook to compare list success
18:53:37.793 [main] INFO  org.amnay.TestLogin - add to compare list button click success
18:53:38.150 [main] INFO  org.amnay.pages.LoginPage - checking bar notification success is displayed ...
18:53:38.182 [main] INFO  org.amnay.TestLogin - bar notification success is displayed
18:53:38.263 [main] INFO  org.amnay.pages.LoginPage - click to add Asus to compare list success
18:53:38.263 [main] INFO  org.amnay.TestLogin - add to compare list button click success
18:53:38.432 [main] INFO  org.amnay.pages.LoginPage - checking bar notification success is displayed ...
18:53:38.530 [main] INFO  org.amnay.TestLogin - bar notification success is displayed
18:53:39.061 [main] INFO  org.amnay.pages.LoginPage - click on product comparison link success
