17:57:53.449 [main] INFO  org.amnay.TestLogin - add to cart button click success
17:57:53.467 [main] INFO  org.amnay.pages.LoginPage - checking bar notification success is displayed ...
17:57:53.737 [main] INFO  org.amnay.TestLogin - bar notification success is displayed
17:57:54.064 [main] INFO  org.amnay.base.Base - browser close success
17:57:59.054 [main] INFO  org.amnay.base.Base - browser open success
17:57:59.786 [main] INFO  org.amnay.TestLogin - page title validation success
17:57:59.787 [main] INFO  org.amnay.pages.LoginPage - checking computers link is displayed ...
17:57:59.884 [main] INFO  org.amnay.TestLogin - computers link is displayed
17:58:00.060 [main] INFO  org.amnay.pages.LoginPage - hover over computers success
17:58:01.388 [main] INFO  org.amnay.pages.LoginPage - click on desktops success
17:58:01.388 [main] INFO  org.amnay.pages.LoginPage - checking build your own computer link is displayed ...
17:58:01.473 [main] INFO  org.amnay.TestLogin - build your own computer link is displayed
17:58:03.447 [main] INFO  org.amnay.pages.LoginPage - click on build your own computer success
17:58:03.601 [main] INFO  org.amnay.pages.LoginPage - checking add to cart button is displayed ...
17:58:03.725 [main] INFO  org.amnay.TestLogin - add to cart button click success
17:58:03.726 [main] INFO  org.amnay.pages.LoginPage - checking bar notification error is displayed ...
17:58:04.400 [main] INFO  org.amnay.TestLogin - bar notification error RAM is displayed
17:58:04.714 [main] INFO  org.amnay.base.Base - browser close success
17:58:10.642 [main] INFO  org.amnay.base.Base - browser open success
17:58:11.967 [main] INFO  org.amnay.TestLogin - page title validation success
17:58:11.968 [main] INFO  org.amnay.pages.LoginPage - checking computers link is displayed ...
17:58:12.021 [main] INFO  org.amnay.TestLogin - computers link is displayed
17:58:12.158 [main] INFO  org.amnay.pages.LoginPage - hover over computers success
17:58:13.330 [main] INFO  org.amnay.pages.LoginPage - click on notebooks success
17:58:13.424 [main] INFO  org.amnay.pages.LoginPage - click to add MacBook to compare list success
17:58:13.424 [main] INFO  org.amnay.TestLogin - add to compare list button click success
17:58:14.429 [main] INFO  org.amnay.pages.LoginPage - checking bar notification success is displayed ...
17:58:14.466 [main] INFO  org.amnay.TestLogin - bar notification success is displayed
17:58:14.531 [main] INFO  org.amnay.pages.LoginPage - click to add Asus to compare list success
17:58:14.531 [main] INFO  org.amnay.TestLogin - add to compare list button click success
17:58:15.534 [main] INFO  org.amnay.pages.LoginPage - checking bar notification success is displayed ...
17:58:15.562 [main] INFO  org.amnay.TestLogin - bar notification success is displayed
17:58:16.299 [main] INFO  org.amnay.pages.LoginPage - click on product comparison link success
17:58:16.299 [main] INFO  org.amnay.TestLogin - product comparison link click success
17:58:16.299 [main] INFO  org.amnay.pages.LoginPage - checking clear list button is displayed ...
17:58:16.934 [main] INFO  org.amnay.TestLogin - clear list button click success
17:58:16.935 [main] INFO  org.amnay.pages.LoginPage - checking compare list empty is displayed ...
17:58:16.987 [main] INFO  org.amnay.TestLogin - compare list empty is displayed
17:58:17.258 [main] INFO  org.amnay.base.Base - browser close success
17:58:22.547 [main] INFO  org.amnay.base.Base - browser open success
17:58:23.491 [main] INFO  org.amnay.TestLogin - page title validation success
17:58:23.492 [main] INFO  org.amnay.pages.LoginPage - checking computers link is displayed ...
17:58:23.539 [main] INFO  org.amnay.TestLogin - computers link is displayed
17:58:23.709 [main] INFO  org.amnay.pages.LoginPage - hover over computers success
17:58:24.779 [main] INFO  org.amnay.pages.LoginPage - click on desktops success
17:58:24.883 [main] INFO  org.amnay.pages.LoginPage - click on add to cart success
17:58:24.883 [main] INFO  org.amnay.TestLogin - add to cart button click success
17:58:24.883 [main] INFO  org.amnay.pages.LoginPage - checking bar notification success is displayed ...
17:58:25.586 [main] INFO  org.amnay.TestLogin - bar notification success is displayed
17:58:25.587 [main] INFO  org.amnay.pages.LoginPage - checking shopping cart link is displayed ...
17:58:25.641 [main] INFO  org.amnay.TestLogin - shopping cart link is displayed
17:58:25.708 [main] INFO  org.amnay.pages.LoginPage - click on close bar notification success
17:58:25.868 [main] INFO  org.amnay.pages.LoginPage - hover over cart success
17:58:27.382 [main] INFO  org.amnay.pages.LoginPage - click on go to cart button success
17:58:27.383 [main] INFO  org.amnay.pages.LoginPage - checking remove button is displayed ...
17:58:28.240 [main] INFO  org.amnay.pages.LoginPage - checking shopping cart empty is displayed ...
17:58:28.281 [main] INFO  org.amnay.TestLogin - delete items in cart success
17:58:28.539 [main] INFO  org.amnay.base.Base - browser close success
17:58:33.115 [main] INFO  org.amnay.base.Base - browser open success
17:58:34.397 [main] INFO  org.amnay.TestLogin - page title validation success
17:58:34.399 [main] INFO  org.amnay.pages.LoginPage - checking computers link is displayed ...
17:58:34.465 [main] INFO  org.amnay.TestLogin - computers link is displayed
17:58:34.614 [main] INFO  org.amnay.pages.LoginPage - hover over computers success
17:58:35.559 [main] INFO  org.amnay.pages.LoginPage - click on notebooks success
17:58:35.731 [main] INFO  org.amnay.pages.LoginPage - click to add MacBook to compare list success
17:58:35.731 [main] INFO  org.amnay.TestLogin - add to compare list button click success
17:58:36.732 [main] INFO  org.amnay.pages.LoginPage - checking bar notification success is displayed ...
17:58:36.769 [main] INFO  org.amnay.TestLogin - bar notification success is displayed
17:58:36.834 [main] INFO  org.amnay.pages.LoginPage - click to add Asus to compare list success
17:58:36.835 [main] INFO  org.amnay.TestLogin - add to compare list button click success
17:58:37.839 [main] INFO  org.amnay.pages.LoginPage - checking bar notification success is displayed ...
17:58:37.869 [main] INFO  org.amnay.TestLogin - bar notification success is displayed
17:58:38.273 [main] INFO  org.amnay.pages.LoginPage - click on product comparison link success
17:58:38.273 [main] INFO  org.amnay.TestLogin - product comparison link click success
17:58:38.840 [main] INFO  org.amnay.TestLogin - remove button click success
17:58:39.409 [main] INFO  org.amnay.TestLogin - remove button click success
17:58:39.409 [main] INFO  org.amnay.pages.LoginPage - checking compare list empty is displayed ...
17:58:39.457 [main] INFO  org.amnay.TestLogin - compare list empty is displayed
17:58:39.731 [main] INFO  org.amnay.base.Base - browser close success
17:58:44.896 [main] INFO  org.amnay.base.Base - browser open success
17:58:45.736 [main] INFO  org.amnay.TestLogin - page title validation success
17:58:45.736 [main] INFO  org.amnay.pages.LoginPage - checking computers link is displayed ...
17:58:45.809 [main] INFO  org.amnay.TestLogin - computers link is displayed
17:58:45.986 [main] INFO  org.amnay.pages.LoginPage - hover over computers success
17:58:47.281 [main] INFO  org.amnay.pages.LoginPage - click on desktops success
17:58:47.432 [main] INFO  org.amnay.pages.LoginPage - click on add to cart success
17:58:47.432 [main] INFO  org.amnay.TestLogin - add to wishlist button click success
17:58:47.433 [main] INFO  org.amnay.pages.LoginPage - checking bar notification success is displayed ...
17:58:48.128 [main] INFO  org.amnay.TestLogin - bar notification success is displayed
17:58:48.128 [main] INFO  org.amnay.pages.LoginPage - checking wish list link is displayed ...
17:58:48.162 [main] INFO  org.amnay.TestLogin - wishlist cart link is displayed
17:58:48.219 [main] INFO  org.amnay.pages.LoginPage - click on close bar notification success
17:58:49.746 [main] INFO  org.amnay.pages.LoginPage - checking remove button is displayed ...
17:58:50.408 [main] INFO  org.amnay.pages.LoginPage - checking wishlist empty is displayed ...
17:58:50.469 [main] INFO  org.amnay.TestLogin - update quantity in cart success
17:58:50.719 [main] INFO  org.amnay.base.Base - browser close success
17:58:56.837 [main] INFO  org.amnay.base.Base - browser open success
17:58:57.290 [main] INFO  org.amnay.TestLogin - page title validation success
17:58:57.291 [main] INFO  org.amnay.pages.LoginPage - checking computers link is displayed ...
17:58:57.341 [main] INFO  org.amnay.TestLogin - computers link is displayed
17:58:57.479 [main] INFO  org.amnay.pages.LoginPage - hover over apparel success
17:58:58.170 [main] INFO  org.amnay.pages.LoginPage - click on shoes success
17:58:59.481 [main] INFO  org.amnay.TestLogin - list of prices: [27.56, 30.00, 40.00]
17:58:59.524 [main] INFO  org.amnay.TestLogin - items sorted success
17:58:59.796 [main] INFO  org.amnay.base.Base - browser close success
17:59:05.330 [main] INFO  org.amnay.base.Base - browser open success
17:59:05.865 [main] INFO  org.amnay.TestLogin - page title validation success
17:59:05.865 [main] INFO  org.amnay.pages.LoginPage - checking computers link is displayed ...
17:59:05.914 [main] INFO  org.amnay.TestLogin - computers link is displayed
17:59:06.057 [main] INFO  org.amnay.pages.LoginPage - hover over computers success
17:59:07.286 [main] INFO  org.amnay.pages.LoginPage - click on desktops success
17:59:07.391 [main] INFO  org.amnay.pages.LoginPage - click on add to cart success
17:59:07.391 [main] INFO  org.amnay.TestLogin - add to cart button click success
17:59:07.391 [main] INFO  org.amnay.pages.LoginPage - checking bar notification success is displayed ...
17:59:08.558 [main] INFO  org.amnay.TestLogin - bar notification success is displayed
17:59:08.559 [main] INFO  org.amnay.pages.LoginPage - checking shopping cart link is displayed ...
17:59:08.605 [main] INFO  org.amnay.TestLogin - shopping cart link is displayed
17:59:08.671 [main] INFO  org.amnay.pages.LoginPage - click on close bar notification success
17:59:08.831 [main] INFO  org.amnay.pages.LoginPage - hover over cart success
17:59:10.424 [main] INFO  org.amnay.pages.LoginPage - click on go to cart button success
