19:04:27.827 [main] INFO  org.amnay.TestLogin - page title validation success
19:04:27.851 [main] INFO  org.amnay.pages.LoginPage - checking computers link is displayed ...
19:04:27.901 [main] INFO  org.amnay.TestLogin - computers link is displayed
19:04:28.035 [main] INFO  org.amnay.pages.LoginPage - hover over computers success
19:04:29.150 [main] INFO  org.amnay.pages.LoginPage - click on desktops success
19:04:29.151 [main] INFO  org.amnay.pages.LoginPage - checking build your own computer link is displayed ...
19:04:29.237 [main] INFO  org.amnay.TestLogin - build your own computer link is displayed
19:04:31.044 [main] INFO  org.amnay.pages.LoginPage - click on build your own computer success
19:04:31.576 [main] INFO  org.amnay.pages.LoginPage - checking add to cart button is displayed ...
19:04:31.671 [main] INFO  org.amnay.TestLogin - add to cart button click success
19:04:31.671 [main] INFO  org.amnay.pages.LoginPage - checking bar notification success is displayed ...
19:04:32.530 [main] INFO  org.amnay.TestLogin - bar notification success is displayed
19:04:32.880 [main] INFO  org.amnay.base.Base - browser close success
19:04:37.460 [main] INFO  org.amnay.base.Base - browser open success
19:04:38.126 [main] INFO  org.amnay.TestLogin - page title validation success
19:04:38.127 [main] INFO  org.amnay.pages.LoginPage - checking computers link is displayed ...
19:04:38.185 [main] INFO  org.amnay.TestLogin - computers link is displayed
19:04:38.359 [main] INFO  org.amnay.pages.LoginPage - hover over computers success
19:04:39.306 [main] INFO  org.amnay.pages.LoginPage - click on desktops success
19:04:39.306 [main] INFO  org.amnay.pages.LoginPage - checking build your own computer link is displayed ...
19:04:39.372 [main] INFO  org.amnay.TestLogin - build your own computer link is displayed
19:04:40.335 [main] INFO  org.amnay.pages.LoginPage - click on build your own computer success
19:04:40.469 [main] INFO  org.amnay.pages.LoginPage - checking add to cart button is displayed ...
19:04:40.583 [main] INFO  org.amnay.TestLogin - add to cart button click success
19:04:40.583 [main] INFO  org.amnay.pages.LoginPage - checking bar notification error is displayed ...
19:04:41.266 [main] INFO  org.amnay.TestLogin - bar notification error RAM is displayed
19:04:41.595 [main] INFO  org.amnay.base.Base - browser close success
19:04:46.369 [main] INFO  org.amnay.base.Base - browser open success
19:04:46.846 [main] INFO  org.amnay.TestLogin - page title validation success
19:04:46.846 [main] INFO  org.amnay.pages.LoginPage - checking computers link is displayed ...
19:04:46.923 [main] INFO  org.amnay.TestLogin - computers link is displayed
19:04:47.063 [main] INFO  org.amnay.pages.LoginPage - hover over computers success
19:04:48.049 [main] INFO  org.amnay.pages.LoginPage - click on notebooks success
19:04:48.123 [main] INFO  org.amnay.pages.LoginPage - click to add MacBook to compare list success
19:04:48.123 [main] INFO  org.amnay.TestLogin - add to compare list button click success
19:04:48.369 [main] INFO  org.amnay.pages.LoginPage - checking bar notification success is displayed ...
19:04:48.402 [main] INFO  org.amnay.TestLogin - bar notification success is displayed
19:04:48.487 [main] INFO  org.amnay.pages.LoginPage - click to add Asus to compare list success
19:04:48.487 [main] INFO  org.amnay.TestLogin - add to compare list button click success
19:04:48.517 [main] INFO  org.amnay.pages.LoginPage - checking bar notification success is displayed ...
19:04:48.575 [main] INFO  org.amnay.TestLogin - bar notification success is displayed
19:04:48.985 [main] INFO  org.amnay.pages.LoginPage - click on product comparison link success
19:04:48.986 [main] INFO  org.amnay.TestLogin - product comparison link click success
19:04:48.986 [main] INFO  org.amnay.pages.LoginPage - checking clear list button is displayed ...
19:04:49.602 [main] INFO  org.amnay.TestLogin - clear list button click success
19:04:49.602 [main] INFO  org.amnay.pages.LoginPage - checking compare list empty is displayed ...
19:04:49.638 [main] INFO  org.amnay.TestLogin - compare list empty is displayed
19:04:49.924 [main] INFO  org.amnay.base.Base - browser close success
19:04:54.961 [main] INFO  org.amnay.base.Base - browser open success
19:04:55.338 [main] INFO  org.amnay.TestLogin - page title validation success
19:04:55.338 [main] INFO  org.amnay.pages.LoginPage - checking computers link is displayed ...
19:04:55.375 [main] INFO  org.amnay.TestLogin - computers link is displayed
19:04:55.503 [main] INFO  org.amnay.pages.LoginPage - hover over computers success
19:04:56.458 [main] INFO  org.amnay.pages.LoginPage - click on desktops success
19:04:56.558 [main] INFO  org.amnay.pages.LoginPage - click on add to cart success
19:04:56.558 [main] INFO  org.amnay.TestLogin - add to cart button click success
19:04:56.558 [main] INFO  org.amnay.pages.LoginPage - checking bar notification success is displayed ...
19:04:56.811 [main] INFO  org.amnay.TestLogin - bar notification success is displayed
19:04:56.813 [main] INFO  org.amnay.pages.LoginPage - checking shopping cart link is displayed ...
19:04:56.861 [main] INFO  org.amnay.TestLogin - shopping cart link is displayed
19:04:56.951 [main] INFO  org.amnay.pages.LoginPage - click on close bar notification success
19:04:57.270 [main] INFO  org.amnay.pages.LoginPage - hover over cart success
19:04:58.443 [main] INFO  org.amnay.pages.LoginPage - click on go to cart button success
19:04:58.443 [main] INFO  org.amnay.pages.LoginPage - checking remove button is displayed ...
19:04:58.878 [main] INFO  org.amnay.pages.LoginPage - checking shopping cart empty is displayed ...
19:04:58.930 [main] INFO  org.amnay.TestLogin - delete items in cart success
19:04:59.213 [main] INFO  org.amnay.base.Base - browser close success
19:05:04.247 [main] INFO  org.amnay.base.Base - browser open success
19:05:04.591 [main] INFO  org.amnay.TestLogin - page title validation success
19:05:04.591 [main] INFO  org.amnay.pages.LoginPage - checking computers link is displayed ...
19:05:04.666 [main] INFO  org.amnay.TestLogin - computers link is displayed
19:05:04.800 [main] INFO  org.amnay.pages.LoginPage - hover over computers success
19:05:05.513 [main] INFO  org.amnay.pages.LoginPage - click on notebooks success
19:05:05.630 [main] INFO  org.amnay.pages.LoginPage - click to add MacBook to compare list success
19:05:05.631 [main] INFO  org.amnay.TestLogin - add to compare list button click success
19:05:05.916 [main] INFO  org.amnay.pages.LoginPage - checking bar notification success is displayed ...
19:05:05.951 [main] INFO  org.amnay.TestLogin - bar notification success is displayed
19:05:06.039 [main] INFO  org.amnay.pages.LoginPage - click to add Asus to compare list success
19:05:06.039 [main] INFO  org.amnay.TestLogin - add to compare list button click success
19:05:06.071 [main] INFO  org.amnay.pages.LoginPage - checking bar notification success is displayed ...
19:05:06.100 [main] INFO  org.amnay.TestLogin - bar notification success is displayed
19:05:07.181 [main] INFO  org.amnay.pages.LoginPage - click on product comparison link success
19:05:07.183 [main] INFO  org.amnay.TestLogin - product comparison link click success
19:05:07.787 [main] INFO  org.amnay.TestLogin - remove button click success
19:05:08.299 [main] INFO  org.amnay.TestLogin - remove button click success
19:05:08.300 [main] INFO  org.amnay.pages.LoginPage - checking compare list empty is displayed ...
19:05:08.364 [main] INFO  org.amnay.TestLogin - compare list empty is displayed
19:05:08.650 [main] INFO  org.amnay.base.Base - browser close success
19:05:13.865 [main] INFO  org.amnay.base.Base - browser open success
19:05:14.200 [main] INFO  org.amnay.TestLogin - page title validation success
19:05:14.200 [main] INFO  org.amnay.pages.LoginPage - checking computers link is displayed ...
19:05:14.267 [main] INFO  org.amnay.TestLogin - computers link is displayed
19:05:14.420 [main] INFO  org.amnay.pages.LoginPage - hover over computers success
19:05:14.982 [main] INFO  org.amnay.pages.LoginPage - click on desktops success
19:05:15.093 [main] INFO  org.amnay.pages.LoginPage - click on add to cart success
19:05:15.093 [main] INFO  org.amnay.TestLogin - add to wishlist button click success
19:05:15.093 [main] INFO  org.amnay.pages.LoginPage - checking bar notification success is displayed ...
19:05:15.344 [main] INFO  org.amnay.TestLogin - bar notification success is displayed
19:05:15.345 [main] INFO  org.amnay.pages.LoginPage - checking wish list link is displayed ...
19:05:15.391 [main] INFO  org.amnay.TestLogin - wishlist cart link is displayed
19:05:15.591 [main] INFO  org.amnay.pages.LoginPage - click on close bar notification success
19:05:16.893 [main] INFO  org.amnay.pages.LoginPage - checking remove button is displayed ...
19:05:17.285 [main] INFO  org.amnay.pages.LoginPage - checking wishlist empty is displayed ...
19:05:17.341 [main] INFO  org.amnay.TestLogin - update quantity in cart success
19:05:17.610 [main] INFO  org.amnay.base.Base - browser close success
19:05:23.098 [main] INFO  org.amnay.base.Base - browser open success
19:05:23.492 [main] INFO  org.amnay.TestLogin - page title validation success
19:05:23.492 [main] INFO  org.amnay.pages.LoginPage - checking computers link is displayed ...
19:05:23.538 [main] INFO  org.amnay.TestLogin - computers link is displayed
19:05:23.676 [main] INFO  org.amnay.pages.LoginPage - hover over apparel success
19:05:24.211 [main] INFO  org.amnay.pages.LoginPage - click on shoes success
19:05:25.456 [main] INFO  org.amnay.TestLogin - list of prices: [27.56, 30.00, 40.00]
19:05:25.550 [main] INFO  org.amnay.TestLogin - items sorted success
19:05:25.886 [main] INFO  org.amnay.base.Base - browser close success
19:05:31.047 [main] INFO  org.amnay.base.Base - browser open success
19:05:31.439 [main] INFO  org.amnay.TestLogin - page title validation success
19:05:31.440 [main] INFO  org.amnay.pages.LoginPage - checking computers link is displayed ...
19:05:31.490 [main] INFO  org.amnay.TestLogin - computers link is displayed
19:05:31.625 [main] INFO  org.amnay.pages.LoginPage - hover over computers success
19:05:32.811 [main] INFO  org.amnay.pages.LoginPage - click on desktops success
