18:44:15.083 [main] INFO  org.amnay.pages.LoginPage - click on notebooks success
18:44:15.197 [main] INFO  org.amnay.pages.LoginPage - click to add MacBook to compare list success
18:44:15.198 [main] INFO  org.amnay.TestLogin - add to compare list button click success
18:44:15.445 [main] INFO  org.amnay.pages.LoginPage - checking bar notification success is displayed ...
18:44:15.482 [main] INFO  org.amnay.TestLogin - bar notification success is displayed
18:44:15.562 [main] INFO  org.amnay.pages.LoginPage - click to add Asus to compare list success
18:44:15.562 [main] INFO  org.amnay.TestLogin - add to compare list button click success
18:44:15.679 [main] INFO  org.amnay.pages.LoginPage - checking bar notification success is displayed ...
18:44:16.087 [main] INFO  org.amnay.base.Base - browser close success
18:44:20.496 [main] INFO  org.amnay.base.Base - browser open success
18:44:20.945 [main] INFO  org.amnay.TestLogin - page title validation success
18:44:20.945 [main] INFO  org.amnay.pages.LoginPage - checking computers link is displayed ...
18:44:20.993 [main] INFO  org.amnay.TestLogin - computers link is displayed
18:44:21.121 [main] INFO  org.amnay.pages.LoginPage - hover over computers success
18:44:22.390 [main] INFO  org.amnay.pages.LoginPage - click on desktops success
18:44:22.519 [main] INFO  org.amnay.pages.LoginPage - click on add to cart success
18:44:22.519 [main] INFO  org.amnay.TestLogin - add to cart button click success
18:44:22.519 [main] INFO  org.amnay.pages.LoginPage - checking bar notification success is displayed ...
18:44:23.084 [main] INFO  org.amnay.TestLogin - bar notification success is displayed
18:44:23.084 [main] INFO  org.amnay.pages.LoginPage - checking shopping cart link is displayed ...
18:44:23.135 [main] INFO  org.amnay.TestLogin - shopping cart link is displayed
18:44:23.363 [main] INFO  org.amnay.pages.LoginPage - click on close bar notification success
18:44:23.597 [main] INFO  org.amnay.pages.LoginPage - hover over cart success
18:44:24.894 [main] INFO  org.amnay.pages.LoginPage - click on go to cart button success
18:44:24.895 [main] INFO  org.amnay.pages.LoginPage - checking remove button is displayed ...
18:44:25.528 [main] INFO  org.amnay.pages.LoginPage - checking shopping cart empty is displayed ...
18:44:25.575 [main] INFO  org.amnay.TestLogin - delete items in cart success
18:44:25.866 [main] INFO  org.amnay.base.Base - browser close success
18:44:31.242 [main] INFO  org.amnay.base.Base - browser open success
18:44:31.673 [main] INFO  org.amnay.TestLogin - page title validation success
18:44:31.673 [main] INFO  org.amnay.pages.LoginPage - checking computers link is displayed ...
18:44:31.739 [main] INFO  org.amnay.TestLogin - computers link is displayed
18:44:31.884 [main] INFO  org.amnay.pages.LoginPage - hover over computers success
18:44:32.990 [main] INFO  org.amnay.pages.LoginPage - click on notebooks success
18:44:33.133 [main] INFO  org.amnay.pages.LoginPage - click to add MacBook to compare list success
18:44:33.137 [main] INFO  org.amnay.TestLogin - add to compare list button click success
18:44:33.849 [main] INFO  org.amnay.pages.LoginPage - checking bar notification success is displayed ...
18:44:33.901 [main] INFO  org.amnay.TestLogin - bar notification success is displayed
18:44:33.999 [main] INFO  org.amnay.pages.LoginPage - click to add Asus to compare list success
18:44:33.999 [main] INFO  org.amnay.TestLogin - add to compare list button click success
18:44:34.129 [main] INFO  org.amnay.pages.LoginPage - checking bar notification success is displayed ...
18:44:34.579 [main] INFO  org.amnay.base.Base - browser close success
18:44:39.106 [main] INFO  org.amnay.base.Base - browser open success
18:44:39.463 [main] INFO  org.amnay.TestLogin - page title validation success
18:44:39.463 [main] INFO  org.amnay.pages.LoginPage - checking computers link is displayed ...
18:44:39.512 [main] INFO  org.amnay.TestLogin - computers link is displayed
18:44:39.676 [main] INFO  org.amnay.pages.LoginPage - hover over computers success
18:44:40.436 [main] INFO  org.amnay.pages.LoginPage - click on desktops success
18:44:40.545 [main] INFO  org.amnay.pages.LoginPage - click on add to cart success
18:44:40.545 [main] INFO  org.amnay.TestLogin - add to wishlist button click success
18:44:40.545 [main] INFO  org.amnay.pages.LoginPage - checking bar notification success is displayed ...
18:44:40.786 [main] INFO  org.amnay.TestLogin - bar notification success is displayed
18:44:40.790 [main] INFO  org.amnay.pages.LoginPage - checking wish list link is displayed ...
18:44:41.074 [main] INFO  org.amnay.TestLogin - wishlist cart link is displayed
18:44:41.220 [main] INFO  org.amnay.pages.LoginPage - click on close bar notification success
18:44:42.337 [main] INFO  org.amnay.pages.LoginPage - checking remove button is displayed ...
18:44:42.741 [main] INFO  org.amnay.pages.LoginPage - checking wishlist empty is displayed ...
18:44:42.789 [main] INFO  org.amnay.TestLogin - update quantity in cart success
18:44:43.081 [main] INFO  org.amnay.base.Base - browser close success
18:44:47.169 [main] INFO  org.amnay.base.Base - browser open success
18:44:47.506 [main] INFO  org.amnay.TestLogin - page title validation success
18:44:47.506 [main] INFO  org.amnay.pages.LoginPage - checking computers link is displayed ...
18:44:47.561 [main] INFO  org.amnay.TestLogin - computers link is displayed
18:44:47.714 [main] INFO  org.amnay.pages.LoginPage - hover over apparel success
18:44:48.262 [main] INFO  org.amnay.pages.LoginPage - click on shoes success
18:44:49.540 [main] INFO  org.amnay.TestLogin - list of prices: [27.56, 30.00, 40.00]
18:44:49.577 [main] INFO  org.amnay.TestLogin - items sorted success
18:44:49.839 [main] INFO  org.amnay.base.Base - browser close success
18:44:54.323 [main] INFO  org.amnay.base.Base - browser open success
18:44:54.622 [main] INFO  org.amnay.TestLogin - page title validation success
18:44:54.622 [main] INFO  org.amnay.pages.LoginPage - checking computers link is displayed ...
18:44:54.666 [main] INFO  org.amnay.TestLogin - computers link is displayed
18:44:54.790 [main] INFO  org.amnay.pages.LoginPage - hover over computers success
18:44:55.289 [main] INFO  org.amnay.pages.LoginPage - click on desktops success
18:44:55.389 [main] INFO  org.amnay.pages.LoginPage - click on add to cart success
18:44:55.389 [main] INFO  org.amnay.TestLogin - add to cart button click success
18:44:55.389 [main] INFO  org.amnay.pages.LoginPage - checking bar notification success is displayed ...
18:44:55.628 [main] INFO  org.amnay.TestLogin - bar notification success is displayed
18:44:55.628 [main] INFO  org.amnay.pages.LoginPage - checking shopping cart link is displayed ...
18:44:55.676 [main] INFO  org.amnay.TestLogin - shopping cart link is displayed
18:44:55.749 [main] INFO  org.amnay.pages.LoginPage - click on close bar notification success
18:44:55.917 [main] INFO  org.amnay.pages.LoginPage - hover over cart success
18:44:57.287 [main] INFO  org.amnay.pages.LoginPage - click on go to cart button success
18:44:57.625 [main] INFO  org.amnay.pages.LoginPage - checking update cart button is displayed ...
18:44:58.475 [main] INFO  org.amnay.TestLogin - update quantity in cart success
18:44:58.862 [main] INFO  org.amnay.base.Base - browser close success
18:45:03.439 [main] INFO  org.amnay.base.Base - browser open success
18:45:03.762 [main] INFO  org.amnay.TestLogin - page title validation success
18:45:03.762 [main] INFO  org.amnay.pages.LoginPage - checking computers link is displayed ...
18:45:03.804 [main] INFO  org.amnay.TestLogin - computers link is displayed
18:45:03.945 [main] INFO  org.amnay.pages.LoginPage - hover over computers success
18:45:04.492 [main] INFO  org.amnay.pages.LoginPage - click on desktops success
18:45:04.577 [main] INFO  org.amnay.pages.LoginPage - click on add to cart success
18:45:04.578 [main] INFO  org.amnay.TestLogin - add to wishlist button click success
18:45:04.578 [main] INFO  org.amnay.pages.LoginPage - checking bar notification success is displayed ...
18:45:04.811 [main] INFO  org.amnay.TestLogin - bar notification success is displayed
18:45:04.812 [main] INFO  org.amnay.pages.LoginPage - checking wish list link is displayed ...
18:45:04.846 [main] INFO  org.amnay.TestLogin - wishlist link is displayed
18:45:04.926 [main] INFO  org.amnay.pages.LoginPage - click on close bar notification success
18:45:06.817 [main] INFO  org.amnay.pages.LoginPage - checking update wishlist button is displayed ...
18:45:07.416 [main] INFO  org.amnay.pages.LoginPage - checking product subtotal success : $2518.0 = $1259.0 * 2
18:45:07.416 [main] INFO  org.amnay.TestLogin - update quantity in wishlist success
18:45:07.700 [main] INFO  org.amnay.base.Base - browser close success
18:52:24.318 [main] INFO  org.amnay.base.Base - browser open success
18:52:27.156 [main] INFO  org.amnay.TestLogin - page title validation success
18:52:27.157 [main] INFO  org.amnay.pages.LoginPage - checking computers link is displayed ...
18:52:27.607 [main] INFO  org.amnay.TestLogin - computers link is displayed
18:52:27.879 [main] INFO  org.amnay.pages.LoginPage - hover over computers success
18:52:29.449 [main] INFO  org.amnay.pages.LoginPage - click on desktops success
18:52:29.596 [main] INFO  org.amnay.pages.LoginPage - click on add to cart success
18:52:29.597 [main] INFO  org.amnay.TestLogin - add to cart button click success
18:52:29.597 [main] INFO  org.amnay.pages.LoginPage - checking bar notification success is displayed ...
18:52:29.853 [main] INFO  org.amnay.TestLogin - bar notification success is displayed
18:52:30.909 [main] INFO  org.amnay.base.Base - browser close success
18:52:37.041 [main] INFO  org.amnay.base.Base - browser open success
18:52:37.841 [main] INFO  org.amnay.TestLogin - page title validation success
18:52:37.841 [main] INFO  org.amnay.pages.LoginPage - checking computers link is displayed ...
18:52:37.902 [main] INFO  org.amnay.TestLogin - computers link is displayed
18:52:38.037 [main] INFO  org.amnay.pages.LoginPage - hover over computers success
18:52:39.140 [main] INFO  org.amnay.pages.LoginPage - click on desktops success
18:52:39.240 [main] INFO  org.amnay.pages.LoginPage - click on add to cart success
