17:04:23.806 [main] INFO  org.amnay.TestLogin - enter password success
17:04:24.567 [main] INFO  org.amnay.TestLogin - login button click success
17:04:24.630 [main] INFO  org.amnay.pages.LoginPage - log out link is displayed
17:04:24.630 [main] INFO  org.amnay.TestLogin - Log out link is displayed success
17:04:24.893 [main] INFO  org.amnay.base.Base - browser close success
17:04:29.388 [main] INFO  org.amnay.base.Base - browser open success
17:04:29.744 [main] INFO  org.amnay.TestLogin - page title validation success
17:04:29.745 [main] INFO  org.amnay.pages.LoginPage - checking computers link is displayed ...
17:04:29.801 [main] INFO  org.amnay.TestLogin - computers link is displayed
17:04:29.984 [main] INFO  org.amnay.pages.LoginPage - hover over computers success
17:04:30.583 [main] INFO  org.amnay.pages.LoginPage - click on desktops success
17:04:30.683 [main] INFO  org.amnay.pages.LoginPage - click on add to cart success
17:04:30.683 [main] INFO  org.amnay.TestLogin - add to cart button click success
17:04:30.683 [main] INFO  org.amnay.pages.LoginPage - checking bar notification success is displayed ...
17:04:31.035 [main] INFO  org.amnay.TestLogin - bar notification success is displayed
17:04:31.381 [main] INFO  org.amnay.base.Base - browser close success
17:04:35.386 [main] INFO  org.amnay.base.Base - browser open success
17:04:35.649 [main] INFO  org.amnay.TestLogin - page title validation success
17:04:35.649 [main] INFO  org.amnay.pages.LoginPage - checking computers link is displayed ...
17:04:35.685 [main] INFO  org.amnay.TestLogin - computers link is displayed
17:04:35.815 [main] INFO  org.amnay.pages.LoginPage - hover over computers success
17:04:36.907 [main] INFO  org.amnay.pages.LoginPage - click on desktops success
17:04:37.008 [main] INFO  org.amnay.pages.LoginPage - click on add to cart success
17:04:37.008 [main] INFO  org.amnay.TestLogin - add to wish list button click success
17:04:37.008 [main] INFO  org.amnay.pages.LoginPage - checking bar notification success is displayed ...
17:04:37.301 [main] INFO  org.amnay.TestLogin - bar notification success is displayed
17:04:37.391 [main] INFO  org.amnay.pages.LoginPage - click on close bar notification success
17:04:39.754 [main] INFO  org.amnay.TestLogin - items quantity to add to the cart is : 1 item(s)
17:04:39.754 [main] INFO  org.amnay.pages.LoginPage - checking add to cart checkbox is displayed ...
17:04:39.841 [main] INFO  org.amnay.pages.LoginPage - checking add to cart button is displayed ...
17:04:41.399 [main] INFO  org.amnay.TestLogin - items quantity in cart is : 1 item(s)
17:04:41.745 [main] INFO  org.amnay.base.Base - browser close success
17:04:45.974 [main] INFO  org.amnay.base.Base - browser open success
17:04:46.279 [main] INFO  org.amnay.TestLogin - page title validation success
17:04:46.279 [main] INFO  org.amnay.pages.LoginPage - checking computers link is displayed ...
17:04:46.327 [main] INFO  org.amnay.TestLogin - computers link is displayed
17:04:46.455 [main] INFO  org.amnay.pages.LoginPage - hover over computers success
17:04:47.299 [main] INFO  org.amnay.pages.LoginPage - click on notebooks success
17:04:47.384 [main] INFO  org.amnay.pages.LoginPage - click to add MacBook to compare list success
17:04:47.384 [main] INFO  org.amnay.TestLogin - add to compare list button click success
17:04:47.384 [main] INFO  org.amnay.pages.LoginPage - checking bar notification success is displayed ...
17:04:47.615 [main] INFO  org.amnay.TestLogin - bar notification success is displayed
17:04:47.688 [main] INFO  org.amnay.pages.LoginPage - click to add Asus to compare list success
17:04:47.688 [main] INFO  org.amnay.TestLogin - add to compare list button click success
17:04:47.688 [main] INFO  org.amnay.pages.LoginPage - checking bar notification success is displayed ...
17:04:47.728 [main] INFO  org.amnay.TestLogin - bar notification success is displayed
17:04:47.849 [main] INFO  org.amnay.pages.LoginPage - click to add HP to compare list success
17:04:47.849 [main] INFO  org.amnay.TestLogin - add to compare list button click success
17:04:47.849 [main] INFO  org.amnay.pages.LoginPage - checking bar notification success is displayed ...
17:04:48.308 [main] INFO  org.amnay.base.Base - browser close success
17:04:52.413 [main] INFO  org.amnay.base.Base - browser open success
17:04:52.686 [main] INFO  org.amnay.TestLogin - page title validation success
17:04:52.686 [main] INFO  org.amnay.pages.LoginPage - checking computers link is displayed ...
17:04:52.719 [main] INFO  org.amnay.TestLogin - computers link is displayed
17:04:52.846 [main] INFO  org.amnay.pages.LoginPage - hover over computers success
17:04:53.911 [main] INFO  org.amnay.pages.LoginPage - click on desktops success
17:04:54.002 [main] INFO  org.amnay.pages.LoginPage - click on add to cart success
17:04:54.002 [main] INFO  org.amnay.TestLogin - add to wish list button click success
17:04:54.002 [main] INFO  org.amnay.pages.LoginPage - checking bar notification success is displayed ...
17:04:54.278 [main] INFO  org.amnay.TestLogin - bar notification success is displayed
17:04:54.556 [main] INFO  org.amnay.base.Base - browser close success
17:04:58.751 [main] INFO  org.amnay.base.Base - browser open success
17:04:59.066 [main] INFO  org.amnay.TestLogin - page title validation success
17:04:59.066 [main] INFO  org.amnay.pages.LoginPage - checking computers link is displayed ...
17:04:59.113 [main] INFO  org.amnay.TestLogin - computers link is displayed
17:04:59.241 [main] INFO  org.amnay.pages.LoginPage - hover over computers success
17:04:59.815 [main] INFO  org.amnay.pages.LoginPage - click on desktops success
17:04:59.816 [main] INFO  org.amnay.pages.LoginPage - checking build your own computer link is displayed ...
17:04:59.866 [main] INFO  org.amnay.TestLogin - build your own computer link is displayed
17:05:01.171 [main] INFO  org.amnay.pages.LoginPage - click on build your own computer success
17:05:01.506 [main] INFO  org.amnay.pages.LoginPage - checking add to cart button is displayed ...
17:05:01.601 [main] INFO  org.amnay.TestLogin - add to cart button click success
17:05:01.601 [main] INFO  org.amnay.pages.LoginPage - checking bar notification success is displayed ...
17:05:01.874 [main] INFO  org.amnay.TestLogin - bar notification success is displayed
17:05:02.224 [main] INFO  org.amnay.base.Base - browser close success
17:05:06.497 [main] INFO  org.amnay.base.Base - browser open success
17:05:06.848 [main] INFO  org.amnay.TestLogin - page title validation success
17:05:06.848 [main] INFO  org.amnay.pages.LoginPage - checking computers link is displayed ...
17:05:06.894 [main] INFO  org.amnay.TestLogin - computers link is displayed
17:05:07.021 [main] INFO  org.amnay.pages.LoginPage - hover over computers success
17:05:08.187 [main] INFO  org.amnay.pages.LoginPage - click on desktops success
17:05:08.190 [main] INFO  org.amnay.pages.LoginPage - checking build your own computer link is displayed ...
17:05:08.240 [main] INFO  org.amnay.TestLogin - build your own computer link is displayed
17:05:09.726 [main] INFO  org.amnay.pages.LoginPage - click on build your own computer success
17:05:09.860 [main] INFO  org.amnay.pages.LoginPage - checking add to cart button is displayed ...
17:05:09.977 [main] INFO  org.amnay.TestLogin - add to cart button click success
17:05:09.977 [main] INFO  org.amnay.pages.LoginPage - checking bar notification error is displayed ...
17:05:10.242 [main] INFO  org.amnay.TestLogin - bar notification error RAM is displayed
17:05:10.576 [main] INFO  org.amnay.base.Base - browser close success
17:05:14.735 [main] INFO  org.amnay.base.Base - browser open success
17:05:15.075 [main] INFO  org.amnay.TestLogin - page title validation success
17:05:15.075 [main] INFO  org.amnay.pages.LoginPage - checking computers link is displayed ...
17:05:15.118 [main] INFO  org.amnay.TestLogin - computers link is displayed
17:05:15.242 [main] INFO  org.amnay.pages.LoginPage - hover over computers success
17:05:16.230 [main] INFO  org.amnay.pages.LoginPage - click on notebooks success
17:05:16.313 [main] INFO  org.amnay.pages.LoginPage - click to add MacBook to compare list success
17:05:16.313 [main] INFO  org.amnay.TestLogin - add to compare list button click success
17:05:16.313 [main] INFO  org.amnay.pages.LoginPage - checking bar notification success is displayed ...
17:05:16.543 [main] INFO  org.amnay.TestLogin - bar notification success is displayed
17:05:16.612 [main] INFO  org.amnay.pages.LoginPage - click to add Asus to compare list success
17:05:16.612 [main] INFO  org.amnay.TestLogin - add to compare list button click success
17:05:16.612 [main] INFO  org.amnay.pages.LoginPage - checking bar notification success is displayed ...
17:05:16.649 [main] INFO  org.amnay.TestLogin - bar notification success is displayed
17:05:16.724 [main] INFO  org.amnay.pages.LoginPage - click to add HP to compare list success
17:05:16.724 [main] INFO  org.amnay.TestLogin - add to compare list button click success
17:05:16.725 [main] INFO  org.amnay.pages.LoginPage - checking bar notification success is displayed ...
17:05:16.753 [main] INFO  org.amnay.TestLogin - bar notification success is displayed
17:05:18.391 [main] INFO  org.amnay.pages.LoginPage - click on product comparison link success
17:05:18.391 [main] INFO  org.amnay.TestLogin - product comparison link click success
17:05:18.392 [main] INFO  org.amnay.pages.LoginPage - checking clear list button is displayed ...
17:05:18.951 [main] INFO  org.amnay.TestLogin - clear list button click success
17:05:18.951 [main] INFO  org.amnay.pages.LoginPage - checking compare list empty is displayed ...
17:05:18.998 [main] INFO  org.amnay.TestLogin - compare list empty is displayed
17:05:19.331 [main] INFO  org.amnay.base.Base - browser close success
17:05:25.952 [main] INFO  org.amnay.base.Base - browser open success
17:05:26.216 [main] INFO  org.amnay.TestLogin - page title validation success
17:05:26.217 [main] INFO  org.amnay.pages.LoginPage - checking computers link is displayed ...
17:05:26.258 [main] INFO  org.amnay.TestLogin - computers link is displayed
17:05:26.387 [main] INFO  org.amnay.pages.LoginPage - hover over computers success
17:05:27.328 [main] INFO  org.amnay.pages.LoginPage - click on desktops success
