01:27:28.348 [main] INFO  org.amnay.TestLogin - computers link is displayed
01:27:28.493 [main] INFO  org.amnay.pages.LoginPage - hover over computers success
01:27:29.064 [main] INFO  org.amnay.pages.LoginPage - click on notebooks success
01:27:29.149 [main] INFO  org.amnay.pages.LoginPage - click to add MacBook to compare list success
01:27:29.150 [main] INFO  org.amnay.TestLogin - add to compare list button click success
01:27:29.383 [main] INFO  org.amnay.pages.LoginPage - checking bar notification success is displayed ...
01:27:29.428 [main] INFO  org.amnay.TestLogin - bar notification success is displayed
01:27:29.514 [main] INFO  org.amnay.pages.LoginPage - click to add Asus to compare list success
01:27:29.514 [main] INFO  org.amnay.TestLogin - add to compare list button click success
01:27:30.568 [main] INFO  org.amnay.pages.LoginPage - checking bar notification success is displayed ...
01:27:30.595 [main] INFO  org.amnay.TestLogin - bar notification success is displayed
01:27:30.667 [main] INFO  org.amnay.pages.LoginPage - click to add HP to compare list success
01:27:30.667 [main] INFO  org.amnay.TestLogin - add to compare list button click success
01:27:30.707 [main] INFO  org.amnay.pages.LoginPage - checking bar notification success is displayed ...
01:27:30.736 [main] INFO  org.amnay.TestLogin - bar notification success is displayed
01:27:31.032 [main] INFO  org.amnay.base.Base - browser close success
01:27:37.416 [main] INFO  org.amnay.base.Base - browser open success
01:27:37.723 [main] INFO  org.amnay.TestLogin - page title validation success
01:27:37.723 [main] INFO  org.amnay.pages.LoginPage - checking computers link is displayed ...
01:27:37.765 [main] INFO  org.amnay.TestLogin - computers link is displayed
01:27:37.892 [main] INFO  org.amnay.pages.LoginPage - hover over computers success
01:27:38.495 [main] INFO  org.amnay.pages.LoginPage - click on desktops success
01:27:38.623 [main] INFO  org.amnay.pages.LoginPage - click on add to cart success
01:27:38.623 [main] INFO  org.amnay.TestLogin - add to wish list button click success
01:27:38.623 [main] INFO  org.amnay.pages.LoginPage - checking bar notification success is displayed ...
01:27:38.858 [main] INFO  org.amnay.TestLogin - bar notification success is displayed
01:27:39.142 [main] INFO  org.amnay.base.Base - browser close success
01:27:44.336 [main] INFO  org.amnay.base.Base - browser open success
01:27:44.697 [main] INFO  org.amnay.TestLogin - page title validation success
01:27:44.697 [main] INFO  org.amnay.pages.LoginPage - checking computers link is displayed ...
01:27:44.741 [main] INFO  org.amnay.TestLogin - computers link is displayed
01:27:44.867 [main] INFO  org.amnay.pages.LoginPage - hover over computers success
01:27:45.420 [main] INFO  org.amnay.pages.LoginPage - click on desktops success
01:27:45.420 [main] INFO  org.amnay.pages.LoginPage - checking build your own computer link is displayed ...
01:27:45.460 [main] INFO  org.amnay.TestLogin - build your own computer link is displayed
01:27:46.457 [main] INFO  org.amnay.pages.LoginPage - click on build your own computer success
01:27:46.794 [main] INFO  org.amnay.pages.LoginPage - checking add to cart button is displayed ...
01:27:46.895 [main] INFO  org.amnay.TestLogin - add to cart button click success
01:27:46.895 [main] INFO  org.amnay.pages.LoginPage - checking bar notification success is displayed ...
01:27:47.174 [main] INFO  org.amnay.TestLogin - bar notification success is displayed
01:27:47.442 [main] INFO  org.amnay.base.Base - browser close success
01:27:52.582 [main] INFO  org.amnay.base.Base - browser open success
01:27:52.855 [main] INFO  org.amnay.TestLogin - page title validation success
01:27:52.856 [main] INFO  org.amnay.pages.LoginPage - checking computers link is displayed ...
01:27:52.910 [main] INFO  org.amnay.TestLogin - computers link is displayed
01:27:53.054 [main] INFO  org.amnay.pages.LoginPage - hover over computers success
01:27:53.613 [main] INFO  org.amnay.pages.LoginPage - click on desktops success
01:27:53.613 [main] INFO  org.amnay.pages.LoginPage - checking build your own computer link is displayed ...
01:27:53.649 [main] INFO  org.amnay.TestLogin - build your own computer link is displayed
01:27:54.635 [main] INFO  org.amnay.pages.LoginPage - click on build your own computer success
01:27:54.778 [main] INFO  org.amnay.pages.LoginPage - checking add to cart button is displayed ...
01:27:54.918 [main] INFO  org.amnay.TestLogin - add to cart button click success
01:27:54.918 [main] INFO  org.amnay.pages.LoginPage - checking bar notification error is displayed ...
01:27:55.164 [main] INFO  org.amnay.TestLogin - bar notification error RAM is displayed
01:27:55.451 [main] INFO  org.amnay.base.Base - browser close success
01:28:01.371 [main] INFO  org.amnay.base.Base - browser open success
01:28:01.644 [main] INFO  org.amnay.TestLogin - page title validation success
01:28:01.645 [main] INFO  org.amnay.pages.LoginPage - checking computers link is displayed ...
01:28:01.683 [main] INFO  org.amnay.TestLogin - computers link is displayed
01:28:01.806 [main] INFO  org.amnay.pages.LoginPage - hover over computers success
01:28:03.016 [main] INFO  org.amnay.pages.LoginPage - click on notebooks success
01:28:03.086 [main] INFO  org.amnay.pages.LoginPage - click to add MacBook to compare list success
01:28:03.087 [main] INFO  org.amnay.TestLogin - add to compare list button click success
01:28:03.332 [main] INFO  org.amnay.pages.LoginPage - checking bar notification success is displayed ...
01:28:03.366 [main] INFO  org.amnay.TestLogin - bar notification success is displayed
01:28:03.442 [main] INFO  org.amnay.pages.LoginPage - click to add Asus to compare list success
01:28:03.442 [main] INFO  org.amnay.TestLogin - add to compare list button click success
01:28:04.475 [main] INFO  org.amnay.pages.LoginPage - checking bar notification success is displayed ...
01:28:04.501 [main] INFO  org.amnay.TestLogin - bar notification success is displayed
01:28:04.936 [main] INFO  org.amnay.pages.LoginPage - click on product comparison link success
01:28:04.937 [main] INFO  org.amnay.TestLogin - product comparison link click success
01:28:04.937 [main] INFO  org.amnay.pages.LoginPage - checking clear list button is displayed ...
01:28:05.478 [main] INFO  org.amnay.TestLogin - clear list button click success
01:28:05.478 [main] INFO  org.amnay.pages.LoginPage - checking compare list empty is displayed ...
01:28:05.530 [main] INFO  org.amnay.TestLogin - compare list empty is displayed
01:28:05.801 [main] INFO  org.amnay.base.Base - browser close success
01:28:11.515 [main] INFO  org.amnay.base.Base - browser open success
01:28:11.855 [main] INFO  org.amnay.TestLogin - page title validation success
01:28:11.856 [main] INFO  org.amnay.pages.LoginPage - checking computers link is displayed ...
01:28:11.895 [main] INFO  org.amnay.TestLogin - computers link is displayed
01:28:12.043 [main] INFO  org.amnay.pages.LoginPage - hover over computers success
01:28:13.098 [main] INFO  org.amnay.pages.LoginPage - click on desktops success
01:28:13.179 [main] INFO  org.amnay.pages.LoginPage - click on add to cart success
01:28:13.179 [main] INFO  org.amnay.TestLogin - add to cart button click success
01:28:13.180 [main] INFO  org.amnay.pages.LoginPage - checking bar notification success is displayed ...
01:28:13.447 [main] INFO  org.amnay.TestLogin - bar notification success is displayed
01:28:13.447 [main] INFO  org.amnay.pages.LoginPage - checking shopping cart link is displayed ...
01:28:13.482 [main] INFO  org.amnay.TestLogin - shopping cart link is displayed
01:28:13.548 [main] INFO  org.amnay.pages.LoginPage - click on close bar notification success
01:28:13.691 [main] INFO  org.amnay.pages.LoginPage - hover over cart success
01:28:15.084 [main] INFO  org.amnay.pages.LoginPage - click on go to cart button success
01:28:15.085 [main] INFO  org.amnay.pages.LoginPage - checking remove button is displayed ...
01:28:15.954 [main] INFO  org.amnay.pages.LoginPage - checking shopping cart empty is displayed ...
01:28:16.004 [main] INFO  org.amnay.TestLogin - delete items in cart success
01:28:16.266 [main] INFO  org.amnay.base.Base - browser close success
01:28:21.764 [main] INFO  org.amnay.base.Base - browser open success
01:28:22.107 [main] INFO  org.amnay.TestLogin - page title validation success
01:28:22.107 [main] INFO  org.amnay.pages.LoginPage - checking computers link is displayed ...
01:28:22.149 [main] INFO  org.amnay.TestLogin - computers link is displayed
01:28:22.292 [main] INFO  org.amnay.pages.LoginPage - hover over computers success
01:28:23.089 [main] INFO  org.amnay.pages.LoginPage - click on notebooks success
01:28:23.189 [main] INFO  org.amnay.pages.LoginPage - click to add MacBook to compare list success
01:28:23.190 [main] INFO  org.amnay.TestLogin - add to compare list button click success
01:28:23.411 [main] INFO  org.amnay.pages.LoginPage - checking bar notification success is displayed ...
01:28:23.440 [main] INFO  org.amnay.TestLogin - bar notification success is displayed
01:28:23.515 [main] INFO  org.amnay.pages.LoginPage - click to add Asus to compare list success
01:28:23.516 [main] INFO  org.amnay.TestLogin - add to compare list button click success
01:28:23.545 [main] INFO  org.amnay.pages.LoginPage - checking bar notification success is displayed ...
01:28:23.573 [main] INFO  org.amnay.TestLogin - bar notification success is displayed
01:28:24.091 [main] INFO  org.amnay.base.Base - browser close success
01:28:29.200 [main] INFO  org.amnay.base.Base - browser open success
01:28:29.490 [main] INFO  org.amnay.TestLogin - page title validation success
01:28:29.490 [main] INFO  org.amnay.pages.LoginPage - checking computers link is displayed ...
01:28:29.522 [main] INFO  org.amnay.TestLogin - computers link is displayed
01:28:29.651 [main] INFO  org.amnay.pages.LoginPage - hover over computers success
01:28:30.239 [main] INFO  org.amnay.pages.LoginPage - click on desktops success
01:28:30.311 [main] INFO  org.amnay.pages.LoginPage - click on add to cart success
01:28:30.311 [main] INFO  org.amnay.TestLogin - add to wishlist button click success
01:28:30.311 [main] INFO  org.amnay.pages.LoginPage - checking bar notification success is displayed ...
